TN:
SF:BrowserAPI.js
FN:10,getBrowserAPI
FN:56,getBrowserAPIInfoInternal
FN:68,getBrowserAPIInstance
FN:76,isFirefox
FN:84,isChromium
FN:92,getBrowserInfo
FN:108,(anonymous_6)
FN:116,(anonymous_7)
FN:124,(anonymous_8)
FN:132,(anonymous_9)
FN:140,(anonymous_10)
FN:148,(anonymous_11)
FN:156,(anonymous_12)
FN:164,(anonymous_13)
FN:173,(anonymous_14)
FN:187,(anonymous_15)
FN:204,getBrowserAPIWrapper
FNF:17
FNH:0
FNDA:0,getBrowserAPI
FNDA:0,getBrowserAPIInfoInternal
FNDA:0,getBrowserAPIInstance
FNDA:0,isFirefox
FNDA:0,isChromium
FNDA:0,getBrowserInfo
FNDA:0,(anonymous_6)
FNDA:0,(anonymous_7)
FNDA:0,(anonymous_8)
FNDA:0,(anonymous_9)
FNDA:0,(anonymous_10)
FNDA:0,(anonymous_11)
FNDA:0,(anonymous_12)
FNDA:0,(anonymous_13)
FNDA:0,(anonymous_14)
FNDA:0,(anonymous_15)
FNDA:0,getBrowserAPIWrapper
DA:14,0
DA:15,0
DA:16,0
DA:18,0
DA:19,0
DA:24,0
DA:25,0
DA:28,0
DA:29,0
DA:33,0
DA:34,0
DA:35,0
DA:37,0
DA:38,0
DA:43,0
DA:50,0
DA:57,0
DA:58,0
DA:59,0
DA:61,0
DA:69,0
DA:77,0
DA:85,0
DA:93,0
DA:94,0
DA:95,0
DA:109,0
DA:117,0
DA:125,0
DA:133,0
DA:141,0
DA:149,0
DA:157,0
DA:165,0
DA:174,0
DA:175,0
DA:177,0
DA:178,0
DA:188,0
DA:189,0
DA:191,0
DA:192,0
DA:198,0
DA:205,0
DA:206,0
DA:208,0
DA:215,0
LF:47
LH:0
BRDA:14,0,0,0
BRDA:14,0,1,0
BRDA:15,1,0,0
BRDA:15,1,1,0
BRDA:15,2,0,0
BRDA:15,2,1,0
BRDA:18,3,0,0
BRDA:18,3,1,0
BRDA:18,4,0,0
BRDA:18,4,1,0
BRDA:24,5,0,0
BRDA:24,5,1,0
BRDA:24,6,0,0
BRDA:24,6,1,0
BRDA:28,7,0,0
BRDA:28,7,1,0
BRDA:28,8,0,0
BRDA:28,8,1,0
BRDA:33,9,0,0
BRDA:33,9,1,0
BRDA:34,10,0,0
BRDA:34,10,1,0
BRDA:34,11,0,0
BRDA:34,11,1,0
BRDA:37,12,0,0
BRDA:37,12,1,0
BRDA:37,13,0,0
BRDA:37,13,1,0
BRDA:57,14,0,0
BRDA:57,14,1,0
BRDA:99,15,0,0
BRDA:99,15,1,0
BRDA:100,16,0,0
BRDA:100,16,1,0
BRDA:205,17,0,0
BRDA:205,17,1,0
BRF:36
BRH:0
end_of_record
TN:
SF:KeepAliveManager.js
FN:9,(anonymous_0)
FN:18,(anonymous_1)
FN:26,(anonymous_2)
FN:33,(anonymous_3)
FN:35,(anonymous_4)
FN:52,(anonymous_5)
FN:64,(anonymous_6)
FN:78,(anonymous_7)
FN:121,(anonymous_8)
FN:134,(anonymous_9)
FNF:10
FNH:0
FNDA:0,(anonymous_0)
FNDA:0,(anonymous_1)
FNDA:0,(anonymous_2)
FNDA:0,(anonymous_3)
FNDA:0,(anonymous_4)
FNDA:0,(anonymous_5)
FNDA:0,(anonymous_6)
FNDA:0,(anonymous_7)
FNDA:0,(anonymous_8)
FNDA:0,(anonymous_9)
DA:10,0
DA:11,0
DA:12,0
DA:13,0
DA:15,0
DA:20,0
DA:23,0
DA:26,0
DA:27,0
DA:28,0
DA:34,0
DA:35,0
DA:36,0
DA:37,0
DA:38,0
DA:39,0
DA:40,0
DA:42,0
DA:45,0
DA:53,0
DA:54,0
DA:58,0
DA:60,0
DA:65,0
DA:67,0
DA:70,0
DA:73,0
DA:74,0
DA:79,0
DA:80,0
DA:81,0
DA:84,0
DA:85,0
DA:86,0
DA:89,0
DA:90,0
DA:91,0
DA:94,0
DA:96,0
DA:101,0
DA:102,0
DA:105,0
DA:106,0
DA:107,0
DA:108,0
DA:110,0
DA:113,0
DA:117,0
DA:122,0
DA:123,0
DA:124,0
DA:126,0
DA:130,0
DA:131,0
DA:135,0
DA:137,0
DA:138,0
DA:139,0
DA:140,0
DA:141,0
DA:144,0
DA:148,0
LF:62
LH:0
BRDA:27,0,0,0
BRDA:27,0,1,0
BRDA:27,1,0,0
BRDA:27,1,1,0
BRDA:34,2,0,0
BRDA:34,2,1,0
BRDA:36,3,0,0
BRDA:36,3,1,0
BRDA:39,4,0,0
BRDA:39,4,1,0
BRDA:65,5,0,0
BRDA:65,5,1,0
BRDA:73,6,0,0
BRDA:73,6,1,0
BRDA:79,7,0,0
BRDA:79,7,1,0
BRDA:84,8,0,0
BRDA:84,8,1,0
BRDA:89,9,0,0
BRDA:89,9,1,0
BRDA:107,10,0,0
BRDA:107,10,1,0
BRDA:122,11,0,0
BRDA:122,11,1,0
BRDA:137,12,0,0
BRDA:137,12,1,0
BRDA:137,13,0,0
BRDA:137,13,1,0
BRDA:140,14,0,0
BRDA:140,14,1,0
BRDA:140,15,0,0
BRDA:140,15,1,0
BRF:32
BRH:0
end_of_record
TN:
SF:MemoryManager.js
FN:19,(anonymous_0)
FN:67,(anonymous_1)
FN:79,(anonymous_2)
FN:84,(anonymous_3)
FN:92,(anonymous_4)
FN:94,(anonymous_5)
FN:104,(anonymous_6)
FN:136,(anonymous_7)
FN:141,(anonymous_8)
FN:153,(anonymous_9)
FN:158,(anonymous_10)
FN:170,(anonymous_11)
FN:174,(anonymous_12)
FN:179,(anonymous_13)
FN:192,(anonymous_14)
FN:197,(anonymous_15)
FN:208,(anonymous_16)
FN:219,(anonymous_17)
FN:238,(anonymous_18)
FN:251,(anonymous_19)
FN:265,(anonymous_20)
FN:277,(anonymous_21)
FN:295,(anonymous_22)
FN:347,(anonymous_23)
FN:356,(anonymous_24)
FN:375,(anonymous_25)
FN:400,(anonymous_26)
FN:406,(anonymous_27)
FN:430,(anonymous_28)
FN:448,(anonymous_29)
FN:454,(anonymous_30)
FN:477,(anonymous_31)
FN:494,(anonymous_32)
FN:504,(anonymous_33)
FN:512,(anonymous_34)
FN:523,(anonymous_35)
FN:534,(anonymous_36)
FN:543,(anonymous_37)
FN:562,(anonymous_38)
FN:570,(anonymous_39)
FN:580,(anonymous_40)
FN:603,(anonymous_41)
FN:621,(anonymous_42)
FN:633,(anonymous_43)
FN:634,(anonymous_44)
FN:648,(anonymous_45)
FN:659,(anonymous_46)
FN:717,(anonymous_47)
FN:731,(anonymous_48)
FN:744,getMemoryManager
FN:754,destroyMemoryManager
FNF:51
FNH:0
FNDA:0,(anonymous_0)
FNDA:0,(anonymous_1)
FNDA:0,(anonymous_2)
FNDA:0,(anonymous_3)
FNDA:0,(anonymous_4)
FNDA:0,(anonymous_5)
FNDA:0,(anonymous_6)
FNDA:0,(anonymous_7)
FNDA:0,(anonymous_8)
FNDA:0,(anonymous_9)
FNDA:0,(anonymous_10)
FNDA:0,(anonymous_11)
FNDA:0,(anonymous_12)
FNDA:0,(anonymous_13)
FNDA:0,(anonymous_14)
FNDA:0,(anonymous_15)
FNDA:0,(anonymous_16)
FNDA:0,(anonymous_17)
FNDA:0,(anonymous_18)
FNDA:0,(anonymous_19)
FNDA:0,(anonymous_20)
FNDA:0,(anonymous_21)
FNDA:0,(anonymous_22)
FNDA:0,(anonymous_23)
FNDA:0,(anonymous_24)
FNDA:0,(anonymous_25)
FNDA:0,(anonymous_26)
FNDA:0,(anonymous_27)
FNDA:0,(anonymous_28)
FNDA:0,(anonymous_29)
FNDA:0,(anonymous_30)
FNDA:0,(anonymous_31)
FNDA:0,(anonymous_32)
FNDA:0,(anonymous_33)
FNDA:0,(anonymous_34)
FNDA:0,(anonymous_35)
FNDA:0,(anonymous_36)
FNDA:0,(anonymous_37)
FNDA:0,(anonymous_38)
FNDA:0,(anonymous_39)
FNDA:0,(anonymous_40)
FNDA:0,(anonymous_41)
FNDA:0,(anonymous_42)
FNDA:0,(anonymous_43)
FNDA:0,(anonymous_44)
FNDA:0,(anonymous_45)
FNDA:0,(anonymous_46)
FNDA:0,(anonymous_47)
FNDA:0,(anonymous_48)
FNDA:0,getMemoryManager
FNDA:0,destroyMemoryManager
DA:21,0
DA:22,0
DA:23,0
DA:24,0
DA:25,0
DA:26,0
DA:27,0
DA:30,0
DA:31,0
DA:32,0
DA:33,0
DA:36,0
DA:48,0
DA:49,0
DA:50,0
DA:51,0
DA:52,0
DA:53,0
DA:56,0
DA:59,0
DA:61,0
DA:69,0
DA:72,0
DA:75,0
DA:76,0
DA:79,0
DA:80,0
DA:84,0
DA:85,0
DA:94,0
DA:95,0
DA:98,0
DA:105,0
DA:106,0
DA:109,0
DA:112,0
DA:113,0
DA:114,0
DA:118,0
DA:119,0
DA:121,0
DA:122,0
DA:123,0
DA:127,0
DA:128,0
DA:129,0
DA:137,0
DA:138,0
DA:139,0
DA:141,0
DA:142,0
DA:143,0
DA:147,0
DA:154,0
DA:155,0
DA:156,0
DA:158,0
DA:159,0
DA:160,0
DA:164,0
DA:171,0
DA:172,0
DA:174,0
DA:175,0
DA:176,0
DA:179,0
DA:180,0
DA:181,0
DA:184,0
DA:185,0
DA:194,0
DA:197,0
DA:198,0
DA:199,0
DA:202,0
DA:209,0
DA:210,0
DA:211,0
DA:212,0
DA:220,0
DA:223,0
DA:226,0
DA:229,0
DA:232,0
DA:239,0
DA:242,0
DA:245,0
DA:252,0
DA:253,0
DA:255,0
DA:266,0
DA:278,0
DA:279,0
DA:285,0
DA:296,0
DA:297,0
DA:298,0
DA:301,0
DA:302,0
DA:303,0
DA:307,0
DA:310,0
DA:319,0
DA:320,0
DA:321,0
DA:323,0
DA:325,0
DA:329,0
DA:330,0
DA:331,0
DA:333,0
DA:336,0
DA:338,0
DA:348,0
DA:350,0
DA:353,0
DA:354,0
DA:355,0
DA:356,0
DA:357,0
DA:359,0
DA:360,0
DA:361,0
DA:362,0
DA:367,0
DA:371,0
DA:372,0
DA:374,0
DA:375,0
DA:376,0
DA:379,0
DA:380,0
DA:381,0
DA:384,0
DA:387,0
DA:388,0
DA:401,0
DA:402,0
DA:403,0
DA:406,0
DA:408,0
DA:410,0
DA:411,0
DA:413,0
DA:418,0
DA:419,0
DA:421,0
DA:423,0
DA:431,0
DA:432,0
DA:433,0
DA:436,0
DA:438,0
DA:449,0
DA:450,0
DA:451,0
DA:454,0
DA:455,0
DA:456,0
DA:458,0
DA:460,0
DA:465,0
DA:466,0
DA:468,0
DA:470,0
DA:478,0
DA:479,0
DA:480,0
DA:483,0
DA:485,0
DA:495,0
DA:496,0
DA:505,0
DA:513,0
DA:514,0
DA:515,0
DA:524,0
DA:525,0
DA:526,0
DA:535,0
DA:544,0
DA:547,0
DA:550,0
DA:551,0
DA:552,0
DA:556,0
DA:563,0
DA:564,0
DA:571,0
DA:572,0
DA:573,0
DA:582,0
DA:583,0
DA:584,0
DA:585,0
DA:587,0
DA:592,0
DA:593,0
DA:597,0
DA:604,0
DA:605,0
DA:606,0
DA:609,0
DA:612,0
DA:615,0
DA:616,0
DA:617,0
DA:621,0
DA:622,0
DA:623,0
DA:625,0
DA:630,0
DA:633,0
DA:634,0
DA:635,0
DA:636,0
DA:637,0
DA:638,0
DA:641,0
DA:647,0
DA:648,0
DA:649,0
DA:650,0
DA:651,0
DA:653,0
DA:658,0
DA:659,0
DA:660,0
DA:661,0
DA:662,0
DA:664,0
DA:669,0
DA:672,0
DA:673,0
DA:674,0
DA:675,0
DA:678,0
DA:681,0
DA:682,0
DA:683,0
DA:684,0
DA:685,0
DA:686,0
DA:687,0
DA:689,0
DA:693,0
DA:694,0
DA:695,0
DA:696,0
DA:699,0
DA:702,0
DA:709,0
DA:710,0
DA:718,0
DA:732,0
DA:733,0
DA:738,0
DA:745,0
DA:746,0
DA:748,0
DA:755,0
DA:756,0
DA:757,0
LF:263
LH:0
BRDA:112,0,0,0
BRDA:112,0,1,0
BRDA:121,1,0,0
BRDA:121,1,1,0
BRDA:121,2,0,0
BRDA:121,2,1,0
BRDA:127,3,0,0
BRDA:127,3,1,0
BRDA:142,4,0,0
BRDA:142,4,1,0
BRDA:159,5,0,0
BRDA:159,5,1,0
BRDA:184,6,0,0
BRDA:184,6,1,0
BRDA:184,7,0,0
BRDA:184,7,1,0
BRDA:209,8,0,0
BRDA:209,8,1,0
BRDA:239,9,0,0
BRDA:239,9,1,0
BRDA:268,10,0,0
BRDA:268,10,1,0
BRDA:278,11,0,0
BRDA:278,11,1,0
BRDA:295,12,0,0
BRDA:296,13,0,0
BRDA:296,13,1,0
BRDA:301,14,0,0
BRDA:301,14,1,0
BRDA:301,15,0,0
BRDA:301,15,1,0
BRDA:320,16,0,0
BRDA:320,16,1,0
BRDA:330,17,0,0
BRDA:330,17,1,0
BRDA:348,18,0,0
BRDA:348,18,1,0
BRDA:355,19,0,0
BRDA:355,19,1,0
BRDA:357,20,0,0
BRDA:357,20,1,0
BRDA:359,21,0,0
BRDA:359,21,1,0
BRDA:361,22,0,0
BRDA:361,22,1,0
BRDA:374,23,0,0
BRDA:374,23,1,0
BRDA:376,24,0,0
BRDA:376,24,1,0
BRDA:379,25,0,0
BRDA:379,25,1,0
BRDA:387,26,0,0
BRDA:387,26,1,0
BRDA:401,27,0,0
BRDA:401,27,1,0
BRDA:431,28,0,0
BRDA:431,28,1,0
BRDA:431,29,0,0
BRDA:431,29,1,0
BRDA:449,30,0,0
BRDA:449,30,1,0
BRDA:478,31,0,0
BRDA:478,31,1,0
BRDA:478,32,0,0
BRDA:478,32,1,0
BRDA:513,33,0,0
BRDA:513,33,1,0
BRDA:524,34,0,0
BRDA:524,34,1,0
BRDA:544,35,0,0
BRDA:544,35,1,0
BRDA:547,36,0,0
BRDA:547,36,1,0
BRDA:550,37,0,0
BRDA:550,37,1,0
BRDA:552,38,0,0
BRDA:552,38,1,0
BRDA:556,39,0,0
BRDA:556,39,1,0
BRDA:571,40,0,0
BRDA:571,40,1,0
BRDA:582,41,0,0
BRDA:582,41,1,0
BRDA:604,42,0,0
BRDA:604,42,1,0
BRDA:615,43,0,0
BRDA:615,43,1,0
BRDA:636,44,0,0
BRDA:636,44,1,0
BRDA:636,45,0,0
BRDA:636,45,1,0
BRDA:745,46,0,0
BRDA:745,46,1,0
BRDA:755,47,0,0
BRDA:755,47,1,0
BRF:95
BRH:0
end_of_record
TN:
SF:SectionManager.js
FN:38,classifyError
FN:88,generateUserFriendlyMessage
FN:166,calculateRetryDelay
FN:177,getSortIndicator
FN:191,(anonymous_4)
FN:208,(anonymous_5)
FN:219,(anonymous_6)
FN:223,(anonymous_7)
FN:226,(anonymous_8)
FN:237,(anonymous_9)
FN:257,(anonymous_10)
FN:258,(anonymous_11)
FN:259,(anonymous_12)
FN:262,(anonymous_13)
FN:265,(anonymous_14)
FN:271,(anonymous_15)
FN:277,(anonymous_16)
FN:289,(anonymous_17)
FN:304,(anonymous_18)
FN:327,(anonymous_19)
FN:389,(anonymous_20)
FN:404,(anonymous_21)
FN:441,(anonymous_22)
FN:467,(anonymous_23)
FN:478,(anonymous_24)
FN:492,(anonymous_25)
FN:533,(anonymous_26)
FN:539,(anonymous_27)
FN:547,(anonymous_28)
FN:561,(anonymous_29)
FN:563,(anonymous_30)
FN:578,(anonymous_31)
FN:581,(anonymous_32)
FN:592,(anonymous_33)
FN:600,(anonymous_34)
FN:608,(anonymous_35)
FN:611,(anonymous_36)
FN:636,(anonymous_37)
FN:671,(anonymous_38)
FN:681,(anonymous_39)
FN:686,(anonymous_40)
FN:695,(anonymous_41)
FN:715,(anonymous_42)
FN:727,(anonymous_43)
FN:741,(anonymous_44)
FN:748,(anonymous_45)
FN:751,(anonymous_46)
FN:765,(anonymous_47)
FN:782,(anonymous_48)
FN:789,(anonymous_49)
FN:797,(anonymous_50)
FN:806,(anonymous_51)
FN:811,(anonymous_52)
FN:813,(anonymous_53)
FN:822,(anonymous_54)
FN:847,(anonymous_55)
FN:858,(anonymous_56)
FN:880,(anonymous_57)
FN:903,(anonymous_58)
FN:924,(anonymous_59)
FN:928,(anonymous_60)
FN:944,(anonymous_61)
FN:961,(anonymous_62)
FN:988,(anonymous_63)
FNF:64
FNH:0
FNDA:0,classifyError
FNDA:0,generateUserFriendlyMessage
FNDA:0,calculateRetryDelay
FNDA:0,getSortIndicator
FNDA:0,(anonymous_4)
FNDA:0,(anonymous_5)
FNDA:0,(anonymous_6)
FNDA:0,(anonymous_7)
FNDA:0,(anonymous_8)
FNDA:0,(anonymous_9)
FNDA:0,(anonymous_10)
FNDA:0,(anonymous_11)
FNDA:0,(anonymous_12)
FNDA:0,(anonymous_13)
FNDA:0,(anonymous_14)
FNDA:0,(anonymous_15)
FNDA:0,(anonymous_16)
FNDA:0,(anonymous_17)
FNDA:0,(anonymous_18)
FNDA:0,(anonymous_19)
FNDA:0,(anonymous_20)
FNDA:0,(anonymous_21)
FNDA:0,(anonymous_22)
FNDA:0,(anonymous_23)
FNDA:0,(anonymous_24)
FNDA:0,(anonymous_25)
FNDA:0,(anonymous_26)
FNDA:0,(anonymous_27)
FNDA:0,(anonymous_28)
FNDA:0,(anonymous_29)
FNDA:0,(anonymous_30)
FNDA:0,(anonymous_31)
FNDA:0,(anonymous_32)
FNDA:0,(anonymous_33)
FNDA:0,(anonymous_34)
FNDA:0,(anonymous_35)
FNDA:0,(anonymous_36)
FNDA:0,(anonymous_37)
FNDA:0,(anonymous_38)
FNDA:0,(anonymous_39)
FNDA:0,(anonymous_40)
FNDA:0,(anonymous_41)
FNDA:0,(anonymous_42)
FNDA:0,(anonymous_43)
FNDA:0,(anonymous_44)
FNDA:0,(anonymous_45)
FNDA:0,(anonymous_46)
FNDA:0,(anonymous_47)
FNDA:0,(anonymous_48)
FNDA:0,(anonymous_49)
FNDA:0,(anonymous_50)
FNDA:0,(anonymous_51)
FNDA:0,(anonymous_52)
FNDA:0,(anonymous_53)
FNDA:0,(anonymous_54)
FNDA:0,(anonymous_55)
FNDA:0,(anonymous_56)
FNDA:0,(anonymous_57)
FNDA:0,(anonymous_58)
FNDA:0,(anonymous_59)
FNDA:0,(anonymous_60)
FNDA:0,(anonymous_61)
FNDA:0,(anonymous_62)
FNDA:0,(anonymous_63)
DA:14,0
DA:26,0
DA:39,0
DA:41,0
DA:44,0
DA:45,0
DA:48,0
DA:50,0
DA:54,0
DA:57,0
DA:61,0
DA:62,0
DA:66,0
DA:69,0
DA:73,0
DA:75,0
DA:78,0
DA:89,0
DA:158,0
DA:167,0
DA:168,0
DA:178,0
DA:179,0
DA:192,0
DA:193,0
DA:194,0
DA:195,0
DA:197,0
DA:198,0
DA:199,0
DA:200,0
DA:201,0
DA:203,0
DA:205,0
DA:209,0
DA:216,0
DA:220,0
DA:221,0
DA:222,0
DA:223,0
DA:227,0
DA:228,0
DA:230,0
DA:231,0
DA:234,0
DA:238,0
DA:239,0
DA:258,0
DA:259,0
DA:260,0
DA:262,0
DA:263,0
DA:265,0
DA:266,0
DA:269,0
DA:272,0
DA:273,0
DA:277,0
DA:278,0
DA:279,0
DA:280,0
DA:282,0
DA:285,0
DA:286,0
DA:289,0
DA:290,0
DA:291,0
DA:292,0
DA:294,0
DA:295,0
DA:296,0
DA:297,0
DA:298,0
DA:299,0
DA:305,0
DA:306,0
DA:307,0
DA:308,0
DA:309,0
DA:311,0
DA:312,0
DA:315,0
DA:323,0
DA:328,0
DA:329,0
DA:330,0
DA:331,0
DA:333,0
DA:335,0
DA:336,0
DA:339,0
DA:340,0
DA:343,0
DA:344,0
DA:347,0
DA:350,0
DA:354,0
DA:366,0
DA:367,0
DA:369,0
DA:373,0
DA:374,0
DA:376,0
DA:377,0
DA:379,0
DA:380,0
DA:390,0
DA:391,0
DA:392,0
DA:394,0
DA:397,0
DA:398,0
DA:401,0
DA:404,0
DA:405,0
DA:406,0
DA:407,0
DA:410,0
DA:414,0
DA:418,0
DA:421,0
DA:423,0
DA:424,0
DA:428,0
DA:432,0
DA:442,0
DA:443,0
DA:445,0
DA:465,0
DA:466,0
DA:467,0
DA:468,0
DA:479,0
DA:480,0
DA:481,0
DA:482,0
DA:483,0
DA:485,0
DA:486,0
DA:487,0
DA:492,0
DA:493,0
DA:496,0
DA:529,0
DA:530,0
DA:532,0
DA:533,0
DA:534,0
DA:538,0
DA:539,0
DA:540,0
DA:541,0
DA:548,0
DA:549,0
DA:550,0
DA:556,0
DA:557,0
DA:558,0
DA:562,0
DA:563,0
DA:565,0
DA:566,0
DA:567,0
DA:569,0
DA:570,0
DA:572,0
DA:573,0
DA:574,0
DA:579,0
DA:580,0
DA:581,0
DA:582,0
DA:584,0
DA:585,0
DA:586,0
DA:589,0
DA:593,0
DA:594,0
DA:601,0
DA:602,0
DA:603,0
DA:605,0
DA:610,0
DA:611,0
DA:616,0
DA:617,0
DA:625,0
DA:626,0
DA:627,0
DA:630,0
DA:631,0
DA:636,0
DA:637,0
DA:639,0
DA:640,0
DA:641,0
DA:644,0
DA:648,0
DA:650,0
DA:655,0
DA:656,0
DA:658,0
DA:661,0
DA:662,0
DA:666,0
DA:667,0
DA:672,0
DA:673,0
DA:675,0
DA:676,0
DA:678,0
DA:682,0
DA:683,0
DA:687,0
DA:690,0
DA:691,0
DA:692,0
DA:694,0
DA:695,0
DA:696,0
DA:703,0
DA:704,0
DA:705,0
DA:707,0
DA:708,0
DA:709,0
DA:711,0
DA:716,0
DA:717,0
DA:718,0
DA:719,0
DA:722,0
DA:723,0
DA:724,0
DA:726,0
DA:727,0
DA:729,0
DA:730,0
DA:731,0
DA:732,0
DA:734,0
DA:736,0
DA:737,0
DA:738,0
DA:742,0
DA:745,0
DA:746,0
DA:747,0
DA:748,0
DA:750,0
DA:751,0
DA:752,0
DA:753,0
DA:754,0
DA:755,0
DA:757,0
DA:758,0
DA:762,0
DA:766,0
DA:769,0
DA:770,0
DA:771,0
DA:772,0
DA:775,0
DA:778,0
DA:780,0
DA:781,0
DA:782,0
DA:784,0
DA:785,0
DA:786,0
DA:790,0
DA:793,0
DA:794,0
DA:795,0
DA:796,0
DA:797,0
DA:798,0
DA:799,0
DA:800,0
DA:801,0
DA:803,0
DA:807,0
DA:808,0
DA:810,0
DA:811,0
DA:813,0
DA:814,0
DA:815,0
DA:816,0
DA:819,0
DA:820,0
DA:822,0
DA:824,0
DA:826,0
DA:830,0
DA:832,0
DA:833,0
DA:835,0
DA:837,0
DA:838,0
DA:843,0
DA:848,0
DA:850,0
DA:852,0
DA:854,0
DA:859,0
DA:860,0
DA:861,0
DA:871,0
DA:874,0
DA:877,0
DA:881,0
DA:882,0
DA:883,0
DA:884,0
DA:898,0
DA:899,0
DA:900,0
DA:904,0
DA:905,0
DA:906,0
DA:907,0
DA:909,0
DA:911,0
DA:914,0
DA:917,0
DA:919,0
DA:923,0
DA:924,0
DA:925,0
DA:928,0
DA:929,0
DA:932,0
DA:933,0
DA:935,0
DA:936,0
DA:938,0
DA:940,0
DA:941,0
DA:945,0
DA:949,0
DA:950,0
DA:951,0
DA:952,0
DA:955,0
DA:956,0
DA:961,0
DA:963,0
DA:965,0
DA:966,0
DA:967,0
DA:968,0
DA:970,0
DA:975,0
DA:977,0
DA:978,0
DA:984,0
DA:989,0
DA:993,0
DA:994,0
DA:995,0
DA:997,0
DA:998,0
LF:364
LH:0
BRDA:39,0,0,0
BRDA:39,0,1,0
BRDA:41,1,0,0
BRDA:41,1,1,0
BRDA:44,2,0,0
BRDA:44,2,1,0
BRDA:44,3,0,0
BRDA:44,3,1,0
BRDA:48,4,0,0
BRDA:48,4,1,0
BRDA:48,5,0,0
BRDA:48,5,1,0
BRDA:48,5,2,0
BRDA:48,5,3,0
BRDA:54,6,0,0
BRDA:54,6,1,0
BRDA:54,7,0,0
BRDA:54,7,1,0
BRDA:54,7,2,0
BRDA:54,7,3,0
BRDA:54,7,4,0
BRDA:54,7,5,0
BRDA:61,8,0,0
BRDA:61,8,1,0
BRDA:61,9,0,0
BRDA:61,9,1,0
BRDA:66,10,0,0
BRDA:66,10,1,0
BRDA:66,11,0,0
BRDA:66,11,1,0
BRDA:66,11,2,0
BRDA:66,11,3,0
BRDA:66,11,4,0
BRDA:66,11,5,0
BRDA:73,12,0,0
BRDA:73,12,1,0
BRDA:73,13,0,0
BRDA:73,13,1,0
BRDA:73,13,2,0
BRDA:73,13,3,0
BRDA:158,14,0,0
BRDA:158,14,1,0
BRDA:178,15,0,0
BRDA:178,15,1,0
BRDA:179,16,0,0
BRDA:179,16,1,0
BRDA:216,17,0,0
BRDA:216,17,1,0
BRDA:228,18,0,0
BRDA:228,18,1,0
BRDA:230,19,0,0
BRDA:230,19,1,0
BRDA:272,20,0,0
BRDA:272,20,1,0
BRDA:278,21,0,0
BRDA:278,21,1,0
BRDA:279,22,0,0
BRDA:279,22,1,0
BRDA:285,23,0,0
BRDA:285,23,1,0
BRDA:292,24,0,0
BRDA:292,24,1,0
BRDA:294,25,0,0
BRDA:294,25,1,0
BRDA:296,26,0,0
BRDA:296,26,1,0
BRDA:298,27,0,0
BRDA:298,27,1,0
BRDA:311,28,0,0
BRDA:311,28,1,0
BRDA:312,29,0,0
BRDA:312,29,1,0
BRDA:315,30,0,0
BRDA:315,30,1,0
BRDA:316,31,0,0
BRDA:316,31,1,0
BRDA:328,32,0,0
BRDA:328,32,1,0
BRDA:329,33,0,0
BRDA:329,33,1,0
BRDA:333,34,0,0
BRDA:333,34,1,0
BRDA:343,35,0,0
BRDA:343,35,1,0
BRDA:347,36,0,0
BRDA:347,36,1,0
BRDA:350,37,0,0
BRDA:350,37,1,0
BRDA:357,38,0,0
BRDA:357,38,1,0
BRDA:360,39,0,0
BRDA:360,39,1,0
BRDA:366,40,0,0
BRDA:366,40,1,0
BRDA:368,41,0,0
BRDA:368,41,1,0
BRDA:370,42,0,0
BRDA:370,42,1,0
BRDA:374,43,0,0
BRDA:374,43,1,0
BRDA:374,44,0,0
BRDA:374,44,1,0
BRDA:389,45,0,0
BRDA:390,46,0,0
BRDA:390,46,1,0
BRDA:397,47,0,0
BRDA:397,47,1,0
BRDA:397,48,0,0
BRDA:397,48,1,0
BRDA:421,49,0,0
BRDA:421,49,1,0
BRDA:421,50,0,0
BRDA:421,50,1,0
BRDA:423,51,0,0
BRDA:423,51,1,0
BRDA:423,52,0,0
BRDA:423,52,1,0
BRDA:432,53,0,0
BRDA:432,53,1,0
BRDA:455,54,0,0
BRDA:455,54,1,0
BRDA:455,55,0,0
BRDA:455,55,1,0
BRDA:466,56,0,0
BRDA:466,56,1,0
BRDA:479,57,0,0
BRDA:479,57,1,0
BRDA:486,58,0,0
BRDA:486,58,1,0
BRDA:488,59,0,0
BRDA:488,59,1,0
BRDA:532,60,0,0
BRDA:532,60,1,0
BRDA:538,61,0,0
BRDA:538,61,1,0
BRDA:549,62,0,0
BRDA:549,62,1,0
BRDA:565,63,0,0
BRDA:565,63,1,0
BRDA:565,64,0,0
BRDA:565,64,1,0
BRDA:566,65,0,0
BRDA:566,65,1,0
BRDA:567,66,0,0
BRDA:567,66,1,0
BRDA:569,67,0,0
BRDA:569,67,1,0
BRDA:570,68,0,0
BRDA:570,68,1,0
BRDA:572,69,0,0
BRDA:572,69,1,0
BRDA:572,70,0,0
BRDA:572,70,1,0
BRDA:573,71,0,0
BRDA:573,71,1,0
BRDA:573,72,0,0
BRDA:573,72,1,0
BRDA:580,73,0,0
BRDA:580,73,1,0
BRDA:582,74,0,0
BRDA:582,74,1,0
BRDA:585,75,0,0
BRDA:585,75,1,0
BRDA:586,76,0,0
BRDA:586,76,1,0
BRDA:595,77,0,0
BRDA:595,77,1,0
BRDA:604,78,0,0
BRDA:604,78,1,0
BRDA:608,79,0,0
BRDA:610,80,0,0
BRDA:610,80,1,0
BRDA:625,81,0,0
BRDA:625,81,1,0
BRDA:626,82,0,0
BRDA:626,82,1,0
BRDA:630,83,0,0
BRDA:630,83,1,0
BRDA:636,84,0,0
BRDA:636,84,1,0
BRDA:637,85,0,0
BRDA:637,85,1,0
BRDA:640,86,0,0
BRDA:640,86,1,0
BRDA:644,87,0,0
BRDA:644,87,1,0
BRDA:645,88,0,0
BRDA:645,88,1,0
BRDA:651,89,0,0
BRDA:651,89,1,0
BRDA:652,90,0,0
BRDA:652,90,1,0
BRDA:655,91,0,0
BRDA:655,91,1,0
BRDA:661,92,0,0
BRDA:661,92,1,0
BRDA:666,93,0,0
BRDA:666,93,1,0
BRDA:672,94,0,0
BRDA:672,94,1,0
BRDA:673,95,0,0
BRDA:673,95,1,0
BRDA:682,96,0,0
BRDA:682,96,1,0
BRDA:690,97,0,0
BRDA:690,97,1,0
BRDA:690,98,0,0
BRDA:690,98,1,0
BRDA:696,99,0,0
BRDA:696,99,1,0
BRDA:697,100,0,0
BRDA:697,100,1,0
BRDA:697,100,2,0
BRDA:697,100,3,0
BRDA:697,100,4,0
BRDA:697,100,5,0
BRDA:704,101,0,0
BRDA:704,101,1,0
BRDA:704,102,0,0
BRDA:704,102,1,0
BRDA:705,103,0,0
BRDA:705,103,1,0
BRDA:705,104,0,0
BRDA:705,104,1,0
BRDA:707,105,0,0
BRDA:707,105,1,0
BRDA:707,106,0,0
BRDA:707,106,1,0
BRDA:717,107,0,0
BRDA:717,107,1,0
BRDA:717,108,0,0
BRDA:717,108,1,0
BRDA:723,109,0,0
BRDA:723,109,1,0
BRDA:731,110,0,0
BRDA:731,110,1,0
BRDA:746,111,0,0
BRDA:746,111,1,0
BRDA:747,112,0,0
BRDA:747,112,1,0
BRDA:750,113,0,0
BRDA:750,113,1,0
BRDA:753,114,0,0
BRDA:753,114,1,0
BRDA:754,115,0,0
BRDA:754,115,1,0
BRDA:757,116,0,0
BRDA:757,116,1,0
BRDA:770,117,0,0
BRDA:770,117,1,0
BRDA:778,118,0,0
BRDA:778,118,1,0
BRDA:781,119,0,0
BRDA:781,119,1,0
BRDA:793,120,0,0
BRDA:793,120,1,0
BRDA:796,121,0,0
BRDA:796,121,1,0
BRDA:808,122,0,0
BRDA:808,122,1,0
BRDA:810,123,0,0
BRDA:810,123,1,0
BRDA:814,124,0,0
BRDA:814,124,1,0
BRDA:815,125,0,0
BRDA:815,125,1,0
BRDA:819,126,0,0
BRDA:819,126,1,0
BRDA:820,127,0,0
BRDA:820,127,1,0
BRDA:824,128,0,0
BRDA:824,128,1,0
BRDA:826,129,0,0
BRDA:826,129,1,0
BRDA:830,130,0,0
BRDA:830,130,1,0
BRDA:832,131,0,0
BRDA:832,131,1,0
BRDA:837,132,0,0
BRDA:837,132,1,0
BRDA:848,133,0,0
BRDA:848,133,1,0
BRDA:848,133,2,0
BRDA:906,134,0,0
BRDA:906,134,1,0
BRDA:909,135,0,0
BRDA:909,135,1,0
BRDA:909,135,2,0
BRDA:909,135,3,0
BRDA:912,136,0,0
BRDA:912,136,1,0
BRDA:919,137,0,0
BRDA:919,137,1,0
BRDA:920,138,0,0
BRDA:920,138,1,0
BRDA:928,139,0,0
BRDA:928,139,1,0
BRDA:945,140,0,0
BRDA:945,140,1,0
BRDA:949,141,0,0
BRDA:949,141,1,0
BRDA:951,142,0,0
BRDA:951,142,1,0
BRDA:951,143,0,0
BRDA:951,143,1,0
BRDA:951,143,2,0
BRDA:955,144,0,0
BRDA:955,144,1,0
BRDA:955,145,0,0
BRDA:955,145,1,0
BRDA:955,145,2,0
BRDA:963,146,0,0
BRDA:963,146,1,0
BRDA:966,147,0,0
BRDA:966,147,1,0
BRDA:967,148,0,0
BRDA:967,148,1,0
BRDA:977,149,0,0
BRDA:977,149,1,0
BRDA:988,150,0,0
BRDA:989,151,0,0
BRDA:989,151,1,0
BRDA:990,152,0,0
BRDA:990,152,1,0
BRDA:997,153,0,0
BRDA:997,153,1,0
BRF:326
BRH:0
end_of_record
TN:
SF:TimelineManager.js
FN:11,(anonymous_0)
FN:29,(anonymous_1)
FN:33,(anonymous_2)
FN:36,(anonymous_3)
FN:52,(anonymous_4)
FN:53,(anonymous_5)
FN:54,(anonymous_6)
FN:60,(anonymous_7)
FN:62,(anonymous_8)
FN:63,(anonymous_9)
FN:65,(anonymous_10)
FN:96,(anonymous_11)
FN:105,(anonymous_12)
FN:120,(anonymous_13)
FN:135,(anonymous_14)
FN:164,(anonymous_15)
FN:172,(anonymous_16)
FN:185,(anonymous_17)
FN:192,(anonymous_18)
FN:196,(anonymous_19)
FN:212,(anonymous_20)
FN:220,(anonymous_21)
FN:242,(anonymous_22)
FN:255,(anonymous_23)
FNF:24
FNH:0
FNDA:0,(anonymous_0)
FNDA:0,(anonymous_1)
FNDA:0,(anonymous_2)
FNDA:0,(anonymous_3)
FNDA:0,(anonymous_4)
FNDA:0,(anonymous_5)
FNDA:0,(anonymous_6)
FNDA:0,(anonymous_7)
FNDA:0,(anonymous_8)
FNDA:0,(anonymous_9)
FNDA:0,(anonymous_10)
FNDA:0,(anonymous_11)
FNDA:0,(anonymous_12)
FNDA:0,(anonymous_13)
FNDA:0,(anonymous_14)
FNDA:0,(anonymous_15)
FNDA:0,(anonymous_16)
FNDA:0,(anonymous_17)
FNDA:0,(anonymous_18)
FNDA:0,(anonymous_19)
FNDA:0,(anonymous_20)
FNDA:0,(anonymous_21)
FNDA:0,(anonymous_22)
FNDA:0,(anonymous_23)
DA:12,0
DA:13,0
DA:14,0
DA:16,0
DA:17,0
DA:18,0
DA:21,0
DA:22,0
DA:23,0
DA:25,0
DA:26,0
DA:30,0
DA:31,0
DA:32,0
DA:33,0
DA:37,0
DA:53,0
DA:54,0
DA:55,0
DA:58,0
DA:60,0
DA:62,0
DA:63,0
DA:65,0
DA:66,0
DA:67,0
DA:68,0
DA:69,0
DA:70,0
DA:72,0
DA:75,0
DA:78,0
DA:79,0
DA:80,0
DA:81,0
DA:82,0
DA:84,0
DA:87,0
DA:90,0
DA:91,0
DA:97,0
DA:98,0
DA:100,0
DA:101,0
DA:106,0
DA:107,0
DA:108,0
DA:109,0
DA:110,0
DA:111,0
DA:113,0
DA:115,0
DA:116,0
DA:122,0
DA:123,0
DA:125,0
DA:126,0
DA:129,0
DA:130,0
DA:136,0
DA:137,0
DA:140,0
DA:141,0
DA:143,0
DA:144,0
DA:151,0
DA:152,0
DA:154,0
DA:155,0
DA:157,0
DA:158,0
DA:160,0
DA:165,0
DA:173,0
DA:174,0
DA:175,0
DA:178,0
DA:179,0
DA:182,0
DA:183,0
DA:184,0
DA:185,0
DA:188,0
DA:189,0
DA:190,0
DA:191,0
DA:192,0
DA:195,0
DA:196,0
DA:197,0
DA:202,0
DA:203,0
DA:209,0
DA:213,0
DA:214,0
DA:221,0
DA:222,0
DA:223,0
DA:225,0
DA:226,0
DA:234,0
DA:237,0
DA:238,0
DA:243,0
DA:244,0
DA:245,0
DA:246,0
DA:247,0
DA:248,0
DA:250,0
DA:251,0
DA:256,0
DA:257,0
DA:258,0
DA:259,0
DA:263,0
LF:116
LH:0
BRDA:67,0,0,0
BRDA:67,0,1,0
BRDA:69,1,0,0
BRDA:69,1,1,0
BRDA:69,2,0,0
BRDA:69,2,1,0
BRDA:78,3,0,0
BRDA:78,3,1,0
BRDA:81,4,0,0
BRDA:81,4,1,0
BRDA:90,5,0,0
BRDA:90,5,1,0
BRDA:98,6,0,0
BRDA:98,6,1,0
BRDA:100,7,0,0
BRDA:100,7,1,0
BRDA:110,8,0,0
BRDA:110,8,1,0
BRDA:115,9,0,0
BRDA:115,9,1,0
BRDA:116,10,0,0
BRDA:116,10,1,0
BRDA:123,11,0,0
BRDA:123,11,1,0
BRDA:125,12,0,0
BRDA:125,12,1,0
BRDA:129,13,0,0
BRDA:129,13,1,0
BRDA:136,14,0,0
BRDA:136,14,1,0
BRDA:136,15,0,0
BRDA:136,15,1,0
BRDA:168,16,0,0
BRDA:168,16,1,0
BRDA:173,17,0,0
BRDA:173,17,1,0
BRDA:173,18,0,0
BRDA:173,18,1,0
BRDA:182,19,0,0
BRDA:182,19,1,0
BRDA:188,20,0,0
BRDA:188,20,1,0
BRDA:195,21,0,0
BRDA:195,21,1,0
BRDA:202,22,0,0
BRDA:202,22,1,0
BRDA:202,23,0,0
BRDA:202,23,1,0
BRDA:215,24,0,0
BRDA:215,24,1,0
BRDA:225,25,0,0
BRDA:225,25,1,0
BRDA:237,26,0,0
BRDA:237,26,1,0
BRDA:246,27,0,0
BRDA:246,27,1,0
BRDA:250,28,0,0
BRDA:250,28,1,0
BRDA:258,29,0,0
BRDA:258,29,1,0
BRDA:259,30,0,0
BRDA:259,30,1,0
BRF:62
BRH:0
end_of_record
TN:
SF:api-constants.js
FN:49,(anonymous_0)
FN:271,(anonymous_1)
FN:288,(anonymous_2)
FN:292,(anonymous_3)
FN:303,(anonymous_4)
FN:308,(anonymous_5)
FN:313,(anonymous_6)
FN:327,(anonymous_7)
FN:331,(anonymous_8)
FN:336,(anonymous_9)
FN:360,(anonymous_10)
FN:363,(anonymous_11)
FN:384,(anonymous_12)
FN:387,(anonymous_13)
FN:403,(anonymous_14)
FN:415,(anonymous_15)
FN:424,(anonymous_16)
FNF:17
FNH:0
FNDA:0,(anonymous_0)
FNDA:0,(anonymous_1)
FNDA:0,(anonymous_2)
FNDA:0,(anonymous_3)
FNDA:0,(anonymous_4)
FNDA:0,(anonymous_5)
FNDA:0,(anonymous_6)
FNDA:0,(anonymous_7)
FNDA:0,(anonymous_8)
FNDA:0,(anonymous_9)
FNDA:0,(anonymous_10)
FNDA:0,(anonymous_11)
FNDA:0,(anonymous_12)
FNDA:0,(anonymous_13)
FNDA:0,(anonymous_14)
FNDA:0,(anonymous_15)
FNDA:0,(anonymous_16)
DA:8,0
DA:45,0
DA:49,0
DA:102,0
DA:126,0
DA:157,0
DA:193,0
DA:219,0
DA:228,0
DA:244,0
DA:263,0
DA:272,0
DA:273,0
DA:276,0
DA:277,0
DA:280,0
DA:289,0
DA:292,0
DA:293,0
DA:294,0
DA:295,0
DA:297,0
DA:298,0
DA:303,0
DA:304,0
DA:308,0
DA:309,0
DA:313,0
DA:314,0
DA:315,0
DA:319,0
DA:328,0
DA:331,0
DA:332,0
DA:336,0
DA:337,0
DA:341,0
DA:342,0
DA:345,0
DA:348,0
DA:349,0
DA:352,0
DA:361,0
DA:362,0
DA:363,0
DA:365,0
DA:370,0
DA:385,0
DA:386,0
DA:387,0
DA:388,0
DA:391,0
DA:397,0
DA:404,0
DA:405,0
DA:406,0
DA:416,0
DA:425,0
DA:426,0
LF:59
LH:0
BRDA:272,0,0,0
BRDA:272,0,1,0
BRDA:276,1,0,0
BRDA:276,1,1,0
BRDA:294,2,0,0
BRDA:294,2,1,0
BRDA:297,3,0,0
BRDA:297,3,1,0
BRDA:304,4,0,0
BRDA:304,4,1,0
BRDA:314,5,0,0
BRDA:314,5,1,0
BRDA:327,6,0,0
BRDA:337,7,0,0
BRDA:337,7,1,0
BRDA:341,8,0,0
BRDA:341,8,1,0
BRDA:348,9,0,0
BRDA:348,9,1,0
BRDA:388,10,0,0
BRDA:388,10,1,0
BRDA:404,11,0,0
BRDA:404,11,1,0
BRDA:404,12,0,0
BRDA:404,12,1,0
BRDA:406,13,0,0
BRDA:406,13,1,0
BRDA:406,13,2,0
BRDA:416,14,0,0
BRDA:416,14,1,0
BRDA:426,15,0,0
BRDA:426,15,1,0
BRF:32
BRH:0
end_of_record
TN:
SF:api.js
FN:22,(anonymous_0)
FN:31,(anonymous_1)
FN:46,(anonymous_2)
FN:47,(anonymous_3)
FN:72,(anonymous_4)
FN:83,(anonymous_5)
FN:89,(anonymous_6)
FN:115,(anonymous_7)
FN:122,(anonymous_8)
FN:141,(anonymous_9)
FN:157,(anonymous_10)
FN:162,(anonymous_11)
FN:179,(anonymous_12)
FN:189,(anonymous_13)
FN:201,(anonymous_14)
FN:206,(anonymous_15)
FN:215,(anonymous_16)
FN:255,(anonymous_17)
FN:264,createFallback
FN:265,(anonymous_19)
FN:281,getBatchConfig
FN:321,processBatched
FN:340,(anonymous_22)
FN:349,(anonymous_23)
FN:350,(anonymous_24)
FN:364,(anonymous_25)
FN:368,(anonymous_26)
FN:375,(anonymous_27)
FN:386,getBaseUrl
FN:407,handleFetchError
FN:419,getTextFromHTML
FN:430,fetchRegulationPriorities
FN:432,(anonymous_32)
FN:446,(anonymous_33)
FN:447,(anonymous_34)
FN:464,fetchRegulationDetails
FN:499,searchPatients
FN:504,(anonymous_37)
FN:533,(anonymous_38)
FN:551,fetchVisualizaUsuario
FN:577,fetchProntuarioHash
FN:610,fetchConsultasEspecializadas
FN:639,fetchConsultasBasicas
FN:668,fetchAllConsultations
FN:685,fetchExamesSolicitados
FN:720,(anonymous_45)
FN:735,fetchResultadoExame
FN:755,fetchCadsusData
FN:761,(anonymous_48)
FN:815,fetchAppointmentDetails
FN:846,fetchExamAppointmentDetails
FN:870,fetchAppointments
FN:897,(anonymous_52)
FN:923,(anonymous_53)
FN:980,fetchRegulations
FN:1029,(anonymous_55)
FN:1059,fetchAllRegulations
FN:1100,(anonymous_57)
FN:1125,(anonymous_58)
FN:1140,fetchDocuments
FN:1170,(anonymous_60)
FN:1189,fetchDocumentUrl
FN:1225,fetchRegulationAttachments
FN:1259,(anonymous_63)
FN:1278,fetchRegulationAttachmentUrl
FN:1311,fetchAllTimelineData
FN:1344,(anonymous_66)
FN:1356,(anonymous_67)
FN:1367,keepSessionAlive
FN:1369,(anonymous_69)
FN:1433,getAPIErrors
FN:1441,clearAPIErrors
FN:1449,getCircuitBreakerState
FN:1457,resetCircuitBreaker
FNF:74
FNH:0
FNDA:0,(anonymous_0)
FNDA:0,(anonymous_1)
FNDA:0,(anonymous_2)
FNDA:0,(anonymous_3)
FNDA:0,(anonymous_4)
FNDA:0,(anonymous_5)
FNDA:0,(anonymous_6)
FNDA:0,(anonymous_7)
FNDA:0,(anonymous_8)
FNDA:0,(anonymous_9)
FNDA:0,(anonymous_10)
FNDA:0,(anonymous_11)
FNDA:0,(anonymous_12)
FNDA:0,(anonymous_13)
FNDA:0,(anonymous_14)
FNDA:0,(anonymous_15)
FNDA:0,(anonymous_16)
FNDA:0,(anonymous_17)
FNDA:0,createFallback
FNDA:0,(anonymous_19)
FNDA:0,getBatchConfig
FNDA:0,processBatched
FNDA:0,(anonymous_22)
FNDA:0,(anonymous_23)
FNDA:0,(anonymous_24)
FNDA:0,(anonymous_25)
FNDA:0,(anonymous_26)
FNDA:0,(anonymous_27)
FNDA:0,getBaseUrl
FNDA:0,handleFetchError
FNDA:0,getTextFromHTML
FNDA:0,fetchRegulationPriorities
FNDA:0,(anonymous_32)
FNDA:0,(anonymous_33)
FNDA:0,(anonymous_34)
FNDA:0,fetchRegulationDetails
FNDA:0,searchPatients
FNDA:0,(anonymous_37)
FNDA:0,(anonymous_38)
FNDA:0,fetchVisualizaUsuario
FNDA:0,fetchProntuarioHash
FNDA:0,fetchConsultasEspecializadas
FNDA:0,fetchConsultasBasicas
FNDA:0,fetchAllConsultations
FNDA:0,fetchExamesSolicitados
FNDA:0,(anonymous_45)
FNDA:0,fetchResultadoExame
FNDA:0,fetchCadsusData
FNDA:0,(anonymous_48)
FNDA:0,fetchAppointmentDetails
FNDA:0,fetchExamAppointmentDetails
FNDA:0,fetchAppointments
FNDA:0,(anonymous_52)
FNDA:0,(anonymous_53)
FNDA:0,fetchRegulations
FNDA:0,(anonymous_55)
FNDA:0,fetchAllRegulations
FNDA:0,(anonymous_57)
FNDA:0,(anonymous_58)
FNDA:0,fetchDocuments
FNDA:0,(anonymous_60)
FNDA:0,fetchDocumentUrl
FNDA:0,fetchRegulationAttachments
FNDA:0,(anonymous_63)
FNDA:0,fetchRegulationAttachmentUrl
FNDA:0,fetchAllTimelineData
FNDA:0,(anonymous_66)
FNDA:0,(anonymous_67)
FNDA:0,keepSessionAlive
FNDA:0,(anonymous_69)
FNDA:0,getAPIErrors
FNDA:0,clearAPIErrors
FNDA:0,getCircuitBreakerState
FNDA:0,resetCircuitBreaker
DA:18,0
DA:23,0
DA:24,0
DA:25,0
DA:26,0
DA:27,0
DA:28,0
DA:32,0
DA:33,0
DA:34,0
DA:35,0
DA:37,0
DA:38,0
DA:39,0
DA:43,0
DA:44,0
DA:47,0
DA:52,0
DA:53,0
DA:54,0
DA:55,0
DA:58,0
DA:60,0
DA:61,0
DA:63,0
DA:64,0
DA:65,0
DA:68,0
DA:73,0
DA:84,0
DA:85,0
DA:86,0
DA:92,0
DA:93,0
DA:94,0
DA:96,0
DA:99,0
DA:100,0
DA:101,0
DA:104,0
DA:105,0
DA:106,0
DA:109,0
DA:114,0
DA:115,0
DA:119,0
DA:124,0
DA:125,0
DA:126,0
DA:127,0
DA:130,0
DA:131,0
DA:132,0
DA:135,0
DA:142,0
DA:143,0
DA:154,0
DA:157,0
DA:158,0
DA:163,0
DA:164,0
DA:165,0
DA:168,0
DA:169,0
DA:170,0
DA:173,0
DA:180,0
DA:181,0
DA:182,0
DA:184,0
DA:185,0
DA:190,0
DA:191,0
DA:192,0
DA:194,0
DA:202,0
DA:203,0
DA:212,0
DA:214,0
DA:215,0
DA:216,0
DA:217,0
DA:219,0
DA:223,0
DA:224,0
DA:226,0
DA:230,0
DA:237,0
DA:238,0
DA:239,0
DA:240,0
DA:242,0
DA:246,0
DA:251,0
DA:256,0
DA:261,0
DA:265,0
DA:266,0
DA:267,0
DA:272,0
DA:282,0
DA:283,0
DA:288,0
DA:300,0
DA:301,0
DA:327,0
DA:328,0
DA:329,0
DA:331,0
DA:332,0
DA:333,0
DA:335,0
DA:336,0
DA:338,0
DA:341,0
DA:342,0
DA:344,0
DA:345,0
DA:350,0
DA:354,0
DA:355,0
DA:358,0
DA:359,0
DA:361,0
DA:362,0
DA:364,0
DA:367,0
DA:368,0
DA:374,0
DA:375,0
DA:379,0
DA:388,0
DA:389,0
DA:391,0
DA:392,0
DA:395,0
DA:396,0
DA:399,0
DA:400,0
DA:408,0
DA:411,0
DA:420,0
DA:421,0
DA:422,0
DA:423,0
DA:431,0
DA:433,0
DA:434,0
DA:436,0
DA:437,0
DA:438,0
DA:439,0
DA:440,0
DA:443,0
DA:445,0
DA:446,0
DA:447,0
DA:465,0
DA:466,0
DA:469,0
DA:470,0
DA:471,0
DA:476,0
DA:481,0
DA:482,0
DA:483,0
DA:486,0
DA:487,0
DA:490,0
DA:492,0
DA:501,0
DA:503,0
DA:506,0
DA:507,0
DA:508,0
DA:511,0
DA:512,0
DA:513,0
DA:516,0
DA:517,0
DA:518,0
DA:520,0
DA:524,0
DA:525,0
DA:526,0
DA:527,0
DA:530,0
DA:532,0
DA:533,0
DA:552,0
DA:553,0
DA:556,0
DA:557,0
DA:558,0
DA:560,0
DA:566,0
DA:568,0
DA:569,0
DA:570,0
DA:573,0
DA:574,0
DA:582,0
DA:583,0
DA:586,0
DA:587,0
DA:589,0
DA:595,0
DA:601,0
DA:602,0
DA:605,0
DA:606,0
DA:607,0
DA:615,0
DA:616,0
DA:617,0
DA:620,0
DA:625,0
DA:631,0
DA:632,0
DA:633,0
DA:644,0
DA:645,0
DA:646,0
DA:649,0
DA:654,0
DA:660,0
DA:661,0
DA:662,0
DA:673,0
DA:677,0
DA:681,0
DA:682,0
DA:692,0
DA:693,0
DA:694,0
DA:695,0
DA:711,0
DA:712,0
DA:718,0
DA:719,0
DA:720,0
DA:721,0
DA:722,0
DA:736,0
DA:737,0
DA:738,0
DA:739,0
DA:740,0
DA:744,0
DA:750,0
DA:751,0
DA:752,0
DA:756,0
DA:757,0
DA:760,0
DA:763,0
DA:767,0
DA:768,0
DA:769,0
DA:770,0
DA:775,0
DA:776,0
DA:777,0
DA:778,0
DA:783,0
DA:784,0
DA:786,0
DA:787,0
DA:789,0
DA:793,0
DA:794,0
DA:795,0
DA:796,0
DA:799,0
DA:801,0
DA:802,0
DA:805,0
DA:816,0
DA:817,0
DA:818,0
DA:819,0
DA:824,0
DA:831,0
DA:832,0
DA:833,0
DA:835,0
DA:836,0
DA:847,0
DA:848,0
DA:849,0
DA:850,0
DA:855,0
DA:862,0
DA:863,0
DA:864,0
DA:866,0
DA:867,0
DA:871,0
DA:872,0
DA:873,0
DA:874,0
DA:885,0
DA:887,0
DA:894,0
DA:895,0
DA:897,0
DA:898,0
DA:899,0
DA:900,0
DA:901,0
DA:902,0
DA:903,0
DA:905,0
DA:918,0
DA:921,0
DA:924,0
DA:928,0
DA:929,0
DA:931,0
DA:937,0
DA:943,0
DA:944,0
DA:946,0
DA:947,0
DA:948,0
DA:949,0
DA:950,0
DA:952,0
DA:953,0
DA:958,0
DA:966,0
DA:971,0
DA:977,0
DA:986,0
DA:987,0
DA:988,0
DA:990,0
DA:1017,0
DA:1019,0
DA:1026,0
DA:1027,0
DA:1029,0
DA:1030,0
DA:1031,0
DA:1032,0
DA:1033,0
DA:1034,0
DA:1035,0
DA:1036,0
DA:1039,0
DA:1040,0
DA:1042,0
DA:1065,0
DA:1067,0
DA:1068,0
DA:1072,0
DA:1073,0
DA:1081,0
DA:1082,0
DA:1092,0
DA:1095,0
DA:1098,0
DA:1101,0
DA:1102,0
DA:1104,0
DA:1105,0
DA:1110,0
DA:1112,0
DA:1116,0
DA:1119,0
DA:1125,0
DA:1126,0
DA:1127,0
DA:1128,0
DA:1131,0
DA:1141,0
DA:1142,0
DA:1143,0
DA:1144,0
DA:1146,0
DA:1147,0
DA:1148,0
DA:1158,0
DA:1160,0
DA:1167,0
DA:1168,0
DA:1170,0
DA:1171,0
DA:1172,0
DA:1190,0
DA:1192,0
DA:1193,0
DA:1194,0
DA:1199,0
DA:1206,0
DA:1207,0
DA:1209,0
DA:1210,0
DA:1211,0
DA:1214,0
DA:1226,0
DA:1227,0
DA:1229,0
DA:1230,0
DA:1231,0
DA:1233,0
DA:1234,0
DA:1235,0
DA:1247,0
DA:1249,0
DA:1256,0
DA:1257,0
DA:1259,0
DA:1260,0
DA:1261,0
DA:1279,0
DA:1281,0
DA:1282,0
DA:1283,0
DA:1288,0
DA:1295,0
DA:1296,0
DA:1298,0
DA:1299,0
DA:1300,0
DA:1303,0
DA:1318,0
DA:1341,0
DA:1342,0
DA:1344,0
DA:1345,0
DA:1346,0
DA:1347,0
DA:1349,0
DA:1351,0
DA:1352,0
DA:1355,0
DA:1356,0
DA:1357,0
DA:1360,0
DA:1368,0
DA:1370,0
DA:1371,0
DA:1373,0
DA:1379,0
DA:1381,0
DA:1382,0
DA:1383,0
DA:1384,0
DA:1387,0
DA:1388,0
DA:1389,0
DA:1392,0
DA:1393,0
DA:1396,0
DA:1400,0
DA:1402,0
DA:1403,0
DA:1404,0
DA:1407,0
DA:1408,0
DA:1409,0
DA:1412,0
DA:1413,0
DA:1414,0
DA:1418,0
DA:1434,0
DA:1442,0
DA:1450,0
DA:1458,0
DA:1459,0
DA:1460,0
DA:1461,0
LF:473
LH:0
BRDA:22,0,0,0
BRDA:22,1,0,0
BRDA:22,2,0,0
BRDA:31,3,0,0
BRDA:32,4,0,0
BRDA:32,4,1,0
BRDA:33,5,0,0
BRDA:33,5,1,0
BRDA:52,6,0,0
BRDA:52,6,1,0
BRDA:63,7,0,0
BRDA:63,7,1,0
BRDA:83,8,0,0
BRDA:83,9,0,0
BRDA:83,10,0,0
BRDA:89,11,0,0
BRDA:99,12,0,0
BRDA:99,12,1,0
BRDA:104,13,0,0
BRDA:104,13,1,0
BRDA:124,14,0,0
BRDA:124,14,1,0
BRDA:125,15,0,0
BRDA:125,15,1,0
BRDA:126,16,0,0
BRDA:126,16,1,0
BRDA:127,17,0,0
BRDA:127,17,1,0
BRDA:130,18,0,0
BRDA:130,18,1,0
BRDA:141,19,0,0
BRDA:150,20,0,0
BRDA:150,20,1,0
BRDA:165,21,0,0
BRDA:165,21,1,0
BRDA:169,22,0,0
BRDA:169,22,1,0
BRDA:182,23,0,0
BRDA:182,23,1,0
BRDA:206,24,0,0
BRDA:206,25,0,0
BRDA:208,26,0,0
BRDA:209,27,0,0
BRDA:210,28,0,0
BRDA:211,29,0,0
BRDA:216,30,0,0
BRDA:216,30,1,0
BRDA:223,31,0,0
BRDA:223,31,1,0
BRDA:237,32,0,0
BRDA:237,32,1,0
BRDA:237,33,0,0
BRDA:237,33,1,0
BRDA:291,34,0,0
BRDA:291,34,1,0
BRDA:296,35,0,0
BRDA:296,35,1,0
BRDA:324,36,0,0
BRDA:325,37,0,0
BRDA:361,38,0,0
BRDA:361,38,1,0
BRDA:374,39,0,0
BRDA:374,39,1,0
BRDA:374,40,0,0
BRDA:374,40,1,0
BRDA:395,41,0,0
BRDA:395,41,1,0
BRDA:395,42,0,0
BRDA:395,42,1,0
BRDA:420,43,0,0
BRDA:420,43,1,0
BRDA:423,44,0,0
BRDA:423,44,1,0
BRDA:437,45,0,0
BRDA:437,45,1,0
BRDA:465,46,0,0
BRDA:465,46,1,0
BRDA:481,47,0,0
BRDA:481,47,1,0
BRDA:486,48,0,0
BRDA:486,48,1,0
BRDA:492,49,0,0
BRDA:492,49,1,0
BRDA:501,50,0,0
BRDA:501,50,1,0
BRDA:501,51,0,0
BRDA:501,51,1,0
BRDA:507,52,0,0
BRDA:507,52,1,0
BRDA:512,53,0,0
BRDA:512,53,1,0
BRDA:524,54,0,0
BRDA:524,54,1,0
BRDA:532,55,0,0
BRDA:532,55,1,0
BRDA:552,56,0,0
BRDA:552,56,1,0
BRDA:566,57,0,0
BRDA:566,57,1,0
BRDA:568,58,0,0
BRDA:568,58,1,0
BRDA:574,59,0,0
BRDA:574,59,1,0
BRDA:582,60,0,0
BRDA:582,60,1,0
BRDA:601,61,0,0
BRDA:601,61,1,0
BRDA:606,62,0,0
BRDA:606,62,1,0
BRDA:607,63,0,0
BRDA:607,63,1,0
BRDA:615,64,0,0
BRDA:615,64,1,0
BRDA:631,65,0,0
BRDA:631,65,1,0
BRDA:634,66,0,0
BRDA:634,66,1,0
BRDA:635,67,0,0
BRDA:635,67,1,0
BRDA:644,68,0,0
BRDA:644,68,1,0
BRDA:660,69,0,0
BRDA:660,69,1,0
BRDA:663,70,0,0
BRDA:663,70,1,0
BRDA:664,71,0,0
BRDA:664,71,1,0
BRDA:692,72,0,0
BRDA:692,72,1,0
BRDA:718,73,0,0
BRDA:718,73,1,0
BRDA:720,74,0,0
BRDA:720,74,1,0
BRDA:721,75,0,0
BRDA:721,75,1,0
BRDA:723,76,0,0
BRDA:723,76,1,0
BRDA:724,77,0,0
BRDA:724,77,1,0
BRDA:725,78,0,0
BRDA:725,78,1,0
BRDA:726,79,0,0
BRDA:726,79,1,0
BRDA:727,80,0,0
BRDA:727,80,1,0
BRDA:728,81,0,0
BRDA:728,81,1,0
BRDA:729,82,0,0
BRDA:729,82,1,0
BRDA:730,83,0,0
BRDA:730,83,1,0
BRDA:736,84,0,0
BRDA:736,84,1,0
BRDA:736,85,0,0
BRDA:736,85,1,0
BRDA:750,86,0,0
BRDA:750,86,1,0
BRDA:752,87,0,0
BRDA:752,87,1,0
BRDA:755,88,0,0
BRDA:756,89,0,0
BRDA:756,89,1,0
BRDA:756,90,0,0
BRDA:756,90,1,0
BRDA:763,91,0,0
BRDA:763,91,1,0
BRDA:767,92,0,0
BRDA:767,92,1,0
BRDA:769,93,0,0
BRDA:769,93,1,0
BRDA:775,94,0,0
BRDA:775,94,1,0
BRDA:777,95,0,0
BRDA:777,95,1,0
BRDA:793,96,0,0
BRDA:793,96,1,0
BRDA:801,97,0,0
BRDA:801,97,1,0
BRDA:801,98,0,0
BRDA:801,98,1,0
BRDA:801,98,2,0
BRDA:810,99,0,0
BRDA:810,99,1,0
BRDA:810,100,0,0
BRDA:810,100,1,0
BRDA:816,101,0,0
BRDA:816,101,1,0
BRDA:816,102,0,0
BRDA:816,102,1,0
BRDA:831,103,0,0
BRDA:831,103,1,0
BRDA:836,104,0,0
BRDA:836,104,1,0
BRDA:847,105,0,0
BRDA:847,105,1,0
BRDA:847,106,0,0
BRDA:847,106,1,0
BRDA:862,107,0,0
BRDA:862,107,1,0
BRDA:867,108,0,0
BRDA:867,108,1,0
BRDA:871,109,0,0
BRDA:871,109,1,0
BRDA:894,110,0,0
BRDA:894,110,1,0
BRDA:897,111,0,0
BRDA:897,111,1,0
BRDA:898,112,0,0
BRDA:898,112,1,0
BRDA:900,113,0,0
BRDA:900,113,1,0
BRDA:901,114,0,0
BRDA:901,114,1,0
BRDA:902,115,0,0
BRDA:902,115,1,0
BRDA:903,116,0,0
BRDA:903,116,1,0
BRDA:906,117,0,0
BRDA:906,117,1,0
BRDA:907,118,0,0
BRDA:907,118,1,0
BRDA:908,119,0,0
BRDA:908,119,1,0
BRDA:909,120,0,0
BRDA:909,120,1,0
BRDA:910,121,0,0
BRDA:910,121,1,0
BRDA:911,122,0,0
BRDA:911,122,1,0
BRDA:912,123,0,0
BRDA:912,123,1,0
BRDA:924,124,0,0
BRDA:924,124,1,0
BRDA:928,125,0,0
BRDA:928,125,1,0
BRDA:929,126,0,0
BRDA:929,126,1,0
BRDA:929,127,0,0
BRDA:929,127,1,0
BRDA:934,128,0,0
BRDA:934,128,1,0
BRDA:939,129,0,0
BRDA:939,129,1,0
BRDA:944,130,0,0
BRDA:944,130,1,0
BRDA:944,131,0,0
BRDA:944,131,1,0
BRDA:948,132,0,0
BRDA:948,132,1,0
BRDA:952,133,0,0
BRDA:952,133,1,0
BRDA:952,134,0,0
BRDA:952,134,1,0
BRDA:953,135,0,0
BRDA:953,135,1,0
BRDA:986,136,0,0
BRDA:986,136,1,0
BRDA:992,137,0,0
BRDA:992,137,1,0
BRDA:993,138,0,0
BRDA:993,138,1,0
BRDA:1026,139,0,0
BRDA:1026,139,1,0
BRDA:1029,140,0,0
BRDA:1029,140,1,0
BRDA:1030,141,0,0
BRDA:1030,141,1,0
BRDA:1033,142,0,0
BRDA:1033,142,1,0
BRDA:1034,143,0,0
BRDA:1034,143,1,0
BRDA:1034,144,0,0
BRDA:1034,144,1,0
BRDA:1039,145,0,0
BRDA:1039,145,1,0
BRDA:1046,146,0,0
BRDA:1046,146,1,0
BRDA:1048,147,0,0
BRDA:1048,147,1,0
BRDA:1051,148,0,0
BRDA:1051,148,1,0
BRDA:1052,149,0,0
BRDA:1052,149,1,0
BRDA:1053,150,0,0
BRDA:1053,150,1,0
BRDA:1054,151,0,0
BRDA:1054,151,1,0
BRDA:1063,152,0,0
BRDA:1067,153,0,0
BRDA:1067,153,1,0
BRDA:1072,154,0,0
BRDA:1072,154,1,0
BRDA:1081,155,0,0
BRDA:1081,155,1,0
BRDA:1101,156,0,0
BRDA:1101,156,1,0
BRDA:1101,157,0,0
BRDA:1101,157,1,0
BRDA:1141,158,0,0
BRDA:1141,158,1,0
BRDA:1143,159,0,0
BRDA:1143,159,1,0
BRDA:1143,160,0,0
BRDA:1143,160,1,0
BRDA:1167,161,0,0
BRDA:1167,161,1,0
BRDA:1170,162,0,0
BRDA:1170,162,1,0
BRDA:1171,163,0,0
BRDA:1171,163,1,0
BRDA:1175,164,0,0
BRDA:1175,164,1,0
BRDA:1176,165,0,0
BRDA:1176,165,1,0
BRDA:1177,166,0,0
BRDA:1177,166,1,0
BRDA:1190,167,0,0
BRDA:1190,167,1,0
BRDA:1190,168,0,0
BRDA:1190,168,1,0
BRDA:1206,169,0,0
BRDA:1206,169,1,0
BRDA:1209,170,0,0
BRDA:1209,170,1,0
BRDA:1211,171,0,0
BRDA:1211,171,1,0
BRDA:1226,172,0,0
BRDA:1226,172,1,0
BRDA:1226,173,0,0
BRDA:1226,173,1,0
BRDA:1227,174,0,0
BRDA:1227,174,1,0
BRDA:1230,175,0,0
BRDA:1230,175,1,0
BRDA:1230,176,0,0
BRDA:1230,176,1,0
BRDA:1256,177,0,0
BRDA:1256,177,1,0
BRDA:1259,178,0,0
BRDA:1259,178,1,0
BRDA:1260,179,0,0
BRDA:1260,179,1,0
BRDA:1264,180,0,0
BRDA:1264,180,1,0
BRDA:1265,181,0,0
BRDA:1265,181,1,0
BRDA:1266,182,0,0
BRDA:1266,182,1,0
BRDA:1279,183,0,0
BRDA:1279,183,1,0
BRDA:1279,184,0,0
BRDA:1279,184,1,0
BRDA:1295,185,0,0
BRDA:1295,185,1,0
BRDA:1298,186,0,0
BRDA:1298,186,1,0
BRDA:1300,187,0,0
BRDA:1300,187,1,0
BRDA:1344,188,0,0
BRDA:1345,189,0,0
BRDA:1345,189,1,0
BRDA:1346,190,0,0
BRDA:1346,190,1,0
BRDA:1346,191,0,0
BRDA:1346,191,1,0
BRDA:1379,192,0,0
BRDA:1379,192,1,0
BRDA:1381,193,0,0
BRDA:1381,193,1,0
BRDA:1381,194,0,0
BRDA:1381,194,1,0
BRDA:1392,195,0,0
BRDA:1392,195,1,0
BRDA:1400,196,0,0
BRDA:1400,196,1,0
BRDA:1402,197,0,0
BRDA:1402,197,1,0
BRDA:1402,198,0,0
BRDA:1402,198,1,0
BRDA:1402,198,2,0
BRDA:1402,198,3,0
BRDA:1403,199,0,0
BRDA:1403,199,1,0
BRDA:1403,199,2,0
BRDA:1407,200,0,0
BRDA:1407,200,1,0
BRDA:1407,201,0,0
BRDA:1407,201,1,0
BRDA:1412,202,0,0
BRDA:1412,202,1,0
BRDA:1412,203,0,0
BRDA:1412,203,1,0
BRDA:1412,203,2,0
BRF:393
BRH:0
end_of_record
TN:
SF:background.js
FN:13,initializeKeepAlive
FN:21,setupDataCleanup
FN:29,(anonymous_2)
FN:42,checkRateLimit
FN:70,(anonymous_4)
FN:106,(anonymous_5)
FN:215,openSidebar
FN:230,(anonymous_7)
FN:236,(anonymous_8)
FN:244,(anonymous_9)
FN:255,(anonymous_10)
FNF:11
FNH:0
FNDA:0,initializeKeepAlive
FNDA:0,setupDataCleanup
FNDA:0,(anonymous_2)
FNDA:0,checkRateLimit
FNDA:0,(anonymous_4)
FNDA:0,(anonymous_5)
FNDA:0,openSidebar
FNDA:0,(anonymous_7)
FNDA:0,(anonymous_8)
FNDA:0,(anonymous_9)
FNDA:0,(anonymous_10)
DA:7,0
DA:10,0
DA:14,0
DA:15,0
DA:16,0
DA:23,0
DA:26,0
DA:29,0
DA:30,0
DA:31,0
DA:32,0
DA:38,0
DA:39,0
DA:40,0
DA:43,0
DA:44,0
DA:46,0
DA:47,0
DA:48,0
DA:51,0
DA:54,0
DA:55,0
DA:56,0
DA:60,0
DA:61,0
DA:65,0
DA:66,0
DA:70,0
DA:71,0
DA:74,0
DA:75,0
DA:76,0
DA:77,0
DA:81,0
DA:83,0
DA:84,0
DA:89,0
DA:93,0
DA:103,0
DA:104,0
DA:106,0
DA:107,0
DA:108,0
DA:110,0
DA:113,0
DA:114,0
DA:120,0
DA:125,0
DA:126,0
DA:132,0
DA:136,0
DA:145,0
DA:146,0
DA:151,0
DA:155,0
DA:161,0
DA:162,0
DA:166,0
DA:167,0
DA:169,0
DA:171,0
DA:176,0
DA:181,0
DA:185,0
DA:191,0
DA:196,0
DA:200,0
DA:201,0
DA:202,0
DA:203,0
DA:205,0
DA:207,0
DA:211,0
DA:212,0
DA:216,0
DA:217,0
DA:218,0
DA:219,0
DA:223,0
DA:226,0
DA:227,0
DA:230,0
DA:231,0
DA:232,0
DA:233,0
DA:236,0
DA:237,0
DA:238,0
DA:239,0
DA:241,0
DA:242,0
DA:245,0
DA:249,0
DA:255,0
DA:256,0
DA:257,0
DA:261,0
DA:262,0
LF:98
LH:0
BRDA:14,0,0,0
BRDA:14,0,1,0
BRDA:30,1,0,0
BRDA:30,1,1,0
BRDA:44,2,0,0
BRDA:44,2,1,0
BRDA:46,3,0,0
BRDA:46,3,1,0
BRDA:54,4,0,0
BRDA:54,4,1,0
BRDA:60,5,0,0
BRDA:60,5,1,0
BRDA:74,6,0,0
BRDA:74,6,1,0
BRDA:74,6,2,0
BRDA:75,7,0,0
BRDA:75,7,1,0
BRDA:81,8,0,0
BRDA:81,8,1,0
BRDA:81,9,0,0
BRDA:81,9,1,0
BRDA:83,10,0,0
BRDA:83,10,1,0
BRDA:83,11,0,0
BRDA:83,11,1,0
BRDA:103,12,0,0
BRDA:103,12,1,0
BRDA:103,12,2,0
BRDA:107,13,0,0
BRDA:107,13,1,0
BRDA:113,14,0,0
BRDA:113,14,1,0
BRDA:125,15,0,0
BRDA:125,15,1,0
BRDA:125,16,0,0
BRDA:125,16,1,0
BRDA:125,16,2,0
BRDA:145,17,0,0
BRDA:145,17,1,0
BRDA:158,18,0,0
BRDA:158,18,1,0
BRDA:158,18,2,0
BRDA:161,19,0,0
BRDA:161,19,1,0
BRDA:169,20,0,0
BRDA:169,20,1,0
BRDA:200,21,0,0
BRDA:200,21,1,0
BRDA:201,22,0,0
BRDA:201,22,1,0
BRDA:216,23,0,0
BRDA:216,23,1,0
BRDA:218,24,0,0
BRDA:218,24,1,0
BRDA:241,25,0,0
BRDA:241,25,1,0
BRDA:256,26,0,0
BRDA:256,26,1,0
BRDA:261,27,0,0
BRDA:261,27,1,0
BRF:60
BRH:0
end_of_record
TN:
SF:browser-polyfill.js
FNF:0
FNH:0
DA:19,0
DA:20,0
LF:2
LH:0
BRDA:19,0,0,0
BRDA:19,0,1,0
BRDA:19,1,0,0
BRDA:19,1,1,0
BRF:4
BRH:0
end_of_record
TN:
SF:config.js
FN:132,(anonymous_0)
FN:133,(anonymous_1)
FN:134,(anonymous_2)
FN:135,(anonymous_3)
FN:136,(anonymous_4)
FNF:5
FNH:0
FNDA:0,(anonymous_0)
FNDA:0,(anonymous_1)
FNDA:0,(anonymous_2)
FNDA:0,(anonymous_3)
FNDA:0,(anonymous_4)
DA:7,0
DA:132,0
DA:133,0
DA:134,0
DA:135,0
DA:136,0
DA:139,0
LF:7
LH:0
BRF:0
BRH:0
end_of_record
TN:
SF:consultation-parser.js
FN:12,getFormattedText
FN:17,(anonymous_1)
FN:28,parseDateForSorting
FN:30,(anonymous_3)
FN:47,processSoapSections
FN:50,(anonymous_5)
FN:51,(anonymous_6)
FN:61,(anonymous_7)
FN:70,(anonymous_8)
FN:73,(anonymous_9)
FN:89,(anonymous_10)
FN:118,processTraditionalConsultation
FN:119,(anonymous_12)
FN:121,(anonymous_13)
FN:170,processConsultationRow
FN:190,(anonymous_15)
FN:198,(anonymous_16)
FN:219,parseConsultasHTML
FNF:18
FNH:0
FNDA:0,getFormattedText
FNDA:0,(anonymous_1)
FNDA:0,parseDateForSorting
FNDA:0,(anonymous_3)
FNDA:0,processSoapSections
FNDA:0,(anonymous_5)
FNDA:0,(anonymous_6)
FNDA:0,(anonymous_7)
FNDA:0,(anonymous_8)
FNDA:0,(anonymous_9)
FNDA:0,(anonymous_10)
FNDA:0,processTraditionalConsultation
FNDA:0,(anonymous_12)
FNDA:0,(anonymous_13)
FNDA:0,processConsultationRow
FNDA:0,(anonymous_15)
FNDA:0,(anonymous_16)
FNDA:0,parseConsultasHTML
DA:13,0
DA:14,0
DA:15,0
DA:18,0
DA:20,0
DA:29,0
DA:30,0
DA:34,0
DA:37,0
DA:38,0
DA:39,0
DA:48,0
DA:50,0
DA:51,0
DA:52,0
DA:54,0
DA:56,0
DA:57,0
DA:58,0
DA:60,0
DA:62,0
DA:65,0
DA:70,0
DA:72,0
DA:74,0
DA:77,0
DA:78,0
DA:79,0
DA:80,0
DA:85,0
DA:86,0
DA:89,0
DA:90,0
DA:92,0
DA:93,0
DA:98,0
DA:99,0
DA:100,0
DA:101,0
DA:103,0
DA:104,0
DA:107,0
DA:108,0
DA:119,0
DA:121,0
DA:122,0
DA:124,0
DA:125,0
DA:126,0
DA:127,0
DA:134,0
DA:137,0
DA:138,0
DA:139,0
DA:140,0
DA:141,0
DA:149,0
DA:150,0
DA:151,0
DA:152,0
DA:171,0
DA:172,0
DA:174,0
DA:189,0
DA:191,0
DA:195,0
DA:197,0
DA:198,0
DA:199,0
DA:202,0
DA:203,0
DA:205,0
DA:208,0
DA:220,0
DA:222,0
DA:223,0
DA:224,0
DA:225,0
DA:227,0
DA:228,0
DA:229,0
DA:230,0
DA:233,0
DA:234,0
DA:235,0
DA:238,0
DA:239,0
DA:240,0
DA:241,0
DA:243,0
DA:244,0
DA:248,0
LF:92
LH:0
BRDA:13,0,0,0
BRDA:13,0,1,0
BRDA:20,1,0,0
BRDA:20,1,1,0
BRDA:30,2,0,0
BRDA:30,2,1,0
BRDA:37,3,0,0
BRDA:37,3,1,0
BRDA:38,4,0,0
BRDA:38,5,0,0
BRDA:38,6,0,0
BRDA:54,7,0,0
BRDA:54,7,1,0
BRDA:62,8,0,0
BRDA:62,8,1,0
BRDA:67,9,0,0
BRDA:67,9,1,0
BRDA:74,10,0,0
BRDA:74,10,1,0
BRDA:77,11,0,0
BRDA:77,11,1,0
BRDA:79,12,0,0
BRDA:79,12,1,0
BRDA:86,13,0,0
BRDA:86,13,1,0
BRDA:92,14,0,0
BRDA:92,14,1,0
BRDA:99,15,0,0
BRDA:99,15,1,0
BRDA:100,16,0,0
BRDA:100,16,1,0
BRDA:101,17,0,0
BRDA:101,17,1,0
BRDA:103,18,0,0
BRDA:103,18,1,0
BRDA:104,19,0,0
BRDA:104,19,1,0
BRDA:107,20,0,0
BRDA:107,20,1,0
BRDA:124,21,0,0
BRDA:124,21,1,0
BRDA:126,22,0,0
BRDA:126,22,1,0
BRDA:137,23,0,0
BRDA:137,23,1,0
BRDA:140,24,0,0
BRDA:140,24,1,0
BRDA:149,25,0,0
BRDA:149,25,1,0
BRDA:151,26,0,0
BRDA:151,26,1,0
BRDA:191,27,0,0
BRDA:191,27,1,0
BRDA:191,27,2,0
BRDA:195,28,0,0
BRDA:195,28,1,0
BRDA:202,29,0,0
BRDA:202,29,1,0
BRDA:220,30,0,0
BRDA:220,30,1,0
BRDA:233,31,0,0
BRDA:233,31,1,0
BRDA:233,32,0,0
BRDA:233,32,1,0
BRF:64
BRH:0
end_of_record
TN:
SF:content-script.js
FN:14,(anonymous_0)
FN:50,(anonymous_1)
FN:67,(anonymous_2)
FN:85,(anonymous_3)
FN:104,(anonymous_4)
FN:105,(anonymous_5)
FN:149,(anonymous_6)
FN:163,(anonymous_7)
FN:173,(anonymous_8)
FN:178,(anonymous_9)
FN:179,(anonymous_10)
FN:182,(anonymous_11)
FN:200,(anonymous_12)
FN:210,(anonymous_13)
FN:222,(anonymous_14)
FN:250,(anonymous_15)
FN:262,(anonymous_16)
FN:280,(anonymous_17)
FN:287,(anonymous_18)
FN:288,(anonymous_19)
FN:305,(anonymous_20)
FN:309,(anonymous_21)
FN:317,(anonymous_22)
FNF:23
FNH:0
FNDA:0,(anonymous_0)
FNDA:0,(anonymous_1)
FNDA:0,(anonymous_2)
FNDA:0,(anonymous_3)
FNDA:0,(anonymous_4)
FNDA:0,(anonymous_5)
FNDA:0,(anonymous_6)
FNDA:0,(anonymous_7)
FNDA:0,(anonymous_8)
FNDA:0,(anonymous_9)
FNDA:0,(anonymous_10)
FNDA:0,(anonymous_11)
FNDA:0,(anonymous_12)
FNDA:0,(anonymous_13)
FNDA:0,(anonymous_14)
FNDA:0,(anonymous_15)
FNDA:0,(anonymous_16)
FNDA:0,(anonymous_17)
FNDA:0,(anonymous_18)
FNDA:0,(anonymous_19)
FNDA:0,(anonymous_20)
FNDA:0,(anonymous_21)
FNDA:0,(anonymous_22)
DA:14,0
DA:15,0
DA:20,0
DA:22,0
DA:23,0
DA:24,0
DA:27,0
DA:28,0
DA:29,0
DA:30,0
DA:33,0
DA:34,0
DA:35,0
DA:38,0
DA:46,0
DA:47,0
DA:50,0
DA:51,0
DA:53,0
DA:54,0
DA:56,0
DA:67,0
DA:68,0
DA:69,0
DA:71,0
DA:72,0
DA:75,0
DA:76,0
DA:81,0
DA:85,0
DA:86,0
DA:87,0
DA:88,0
DA:89,0
DA:91,0
DA:92,0
DA:93,0
DA:94,0
DA:96,0
DA:97,0
DA:100,0
DA:104,0
DA:105,0
DA:107,0
DA:109,0
DA:112,0
DA:114,0
DA:115,0
DA:117,0
DA:118,0
DA:119,0
DA:120,0
DA:122,0
DA:123,0
DA:124,0
DA:126,0
DA:132,0
DA:133,0
DA:135,0
DA:143,0
DA:149,0
DA:151,0
DA:152,0
DA:153,0
DA:156,0
DA:158,0
DA:159,0
DA:163,0
DA:165,0
DA:166,0
DA:167,0
DA:173,0
DA:174,0
DA:175,0
DA:178,0
DA:179,0
DA:180,0
DA:182,0
DA:183,0
DA:193,0
DA:194,0
DA:195,0
DA:200,0
DA:201,0
DA:202,0
DA:203,0
DA:204,0
DA:210,0
DA:211,0
DA:212,0
DA:222,0
DA:223,0
DA:224,0
DA:225,0
DA:227,0
DA:228,0
DA:229,0
DA:231,0
DA:232,0
DA:233,0
DA:235,0
DA:236,0
DA:237,0
DA:241,0
DA:242,0
DA:244,0
DA:245,0
DA:246,0
DA:250,0
DA:251,0
DA:252,0
DA:256,0
DA:259,0
DA:260,0
DA:262,0
DA:263,0
DA:266,0
DA:268,0
DA:277,0
DA:280,0
DA:281,0
DA:282,0
DA:287,0
DA:288,0
DA:289,0
DA:294,0
DA:295,0
DA:298,0
DA:301,0
DA:304,0
DA:305,0
DA:306,0
DA:307,0
DA:309,0
DA:310,0
DA:311,0
DA:316,0
DA:317,0
DA:318,0
DA:319,0
DA:323,0
LF:141
LH:0
BRDA:20,0,0,0
BRDA:20,0,1,0
BRDA:22,1,0,0
BRDA:22,1,1,0
BRDA:51,2,0,0
BRDA:51,2,1,0
BRDA:57,3,0,0
BRDA:57,3,1,0
BRDA:57,3,2,0
BRDA:57,3,3,0
BRDA:57,3,4,0
BRDA:57,3,5,0
BRDA:71,4,0,0
BRDA:71,4,1,0
BRDA:71,5,0,0
BRDA:71,5,1,0
BRDA:96,6,0,0
BRDA:96,6,1,0
BRDA:109,7,0,0
BRDA:109,7,1,0
BRDA:112,8,0,0
BRDA:112,8,1,0
BRDA:117,9,0,0
BRDA:117,9,1,0
BRDA:117,10,0,0
BRDA:117,10,1,0
BRDA:117,10,2,0
BRDA:122,11,0,0
BRDA:122,11,1,0
BRDA:151,12,0,0
BRDA:151,12,1,0
BRDA:158,13,0,0
BRDA:158,13,1,0
BRDA:166,14,0,0
BRDA:166,14,1,0
BRDA:166,15,0,0
BRDA:166,15,1,0
BRDA:174,16,0,0
BRDA:174,16,1,0
BRDA:180,17,0,0
BRDA:180,17,1,0
BRDA:180,18,0,0
BRDA:180,18,1,0
BRDA:194,19,0,0
BRDA:194,19,1,0
BRDA:203,20,0,0
BRDA:203,20,1,0
BRDA:211,21,0,0
BRDA:211,21,1,0
BRDA:223,22,0,0
BRDA:223,22,1,0
BRDA:227,23,0,0
BRDA:227,23,1,0
BRDA:231,24,0,0
BRDA:231,24,1,0
BRDA:235,25,0,0
BRDA:235,25,1,0
BRDA:251,26,0,0
BRDA:251,26,1,0
BRDA:259,27,0,0
BRDA:259,27,1,0
BRDA:281,28,0,0
BRDA:281,28,1,0
BRDA:281,29,0,0
BRDA:281,29,1,0
BRDA:306,30,0,0
BRDA:306,30,1,0
BRF:67
BRH:0
end_of_record
TN:
SF:crypto-utils.js
FN:22,deriveKey
FN:50,generateSessionPassword
FN:55,(anonymous_2)
FN:66,encryptMedicalData
FN:112,decryptMedicalData
FN:118,(anonymous_5)
FN:155,isEncrypted
FN:174,encryptForStorage
FN:191,decryptFromStorage
FN:213,cleanupExpiredData
FN:246,hashData
FN:251,(anonymous_11)
FNF:12
FNH:0
FNDA:0,deriveKey
FNDA:0,generateSessionPassword
FNDA:0,(anonymous_2)
FNDA:0,encryptMedicalData
FNDA:0,decryptMedicalData
FNDA:0,(anonymous_5)
FNDA:0,isEncrypted
FNDA:0,encryptForStorage
FNDA:0,decryptFromStorage
FNDA:0,cleanupExpiredData
FNDA:0,hashData
FNDA:0,(anonymous_11)
DA:7,0
DA:23,0
DA:24,0
DA:32,0
DA:52,0
DA:53,0
DA:54,0
DA:55,0
DA:57,0
DA:67,0
DA:69,0
DA:70,0
DA:71,0
DA:74,0
DA:75,0
DA:78,0
DA:79,0
DA:82,0
DA:92,0
DA:93,0
DA:94,0
DA:95,0
DA:96,0
DA:99,0
DA:101,0
DA:102,0
DA:113,0
DA:115,0
DA:118,0
DA:122,0
DA:123,0
DA:124,0
DA:127,0
DA:128,0
DA:131,0
DA:141,0
DA:142,0
DA:143,0
DA:145,0
DA:146,0
DA:156,0
DA:158,0
DA:160,0
DA:162,0
DA:164,0
DA:175,0
DA:176,0
DA:183,0
DA:192,0
DA:193,0
DA:196,0
DA:197,0
DA:198,0
DA:201,0
DA:203,0
DA:204,0
DA:214,0
DA:215,0
DA:216,0
DA:218,0
DA:219,0
DA:220,0
DA:221,0
DA:222,0
DA:223,0
DA:227,0
DA:232,0
DA:233,0
DA:234,0
DA:237,0
DA:247,0
DA:248,0
DA:249,0
DA:250,0
DA:251,0
DA:255,0
LF:76
LH:0
BRDA:52,0,0,0
BRDA:52,0,1,0
BRDA:66,1,0,0
BRDA:78,2,0,0
BRDA:78,2,1,0
BRDA:112,3,0,0
BRDA:127,4,0,0
BRDA:127,4,1,0
BRDA:156,5,0,0
BRDA:156,5,1,0
BRDA:174,6,0,0
BRDA:196,7,0,0
BRDA:196,7,1,0
BRDA:196,8,0,0
BRDA:196,8,1,0
BRDA:213,9,0,0
BRDA:215,10,0,0
BRDA:215,10,1,0
BRDA:219,11,0,0
BRDA:219,11,1,0
BRDA:219,12,0,0
BRDA:219,12,1,0
BRDA:222,13,0,0
BRDA:222,13,1,0
BRDA:232,14,0,0
BRDA:232,14,1,0
BRF:26
BRH:0
end_of_record
TN:
SF:field-config.js
FN:16,(anonymous_0)
FN:18,(anonymous_1)
FN:22,(anonymous_2)
FN:38,(anonymous_3)
FN:63,(anonymous_4)
FN:68,(anonymous_5)
FN:98,(anonymous_6)
FN:130,(anonymous_7)
FN:137,(anonymous_8)
FN:172,(anonymous_9)
FN:332,(anonymous_10)
FNF:11
FNH:0
FNDA:0,(anonymous_0)
FNDA:0,(anonymous_1)
FNDA:0,(anonymous_2)
FNDA:0,(anonymous_3)
FNDA:0,(anonymous_4)
FNDA:0,(anonymous_5)
FNDA:0,(anonymous_6)
FNDA:0,(anonymous_7)
FNDA:0,(anonymous_8)
FNDA:0,(anonymous_9)
FNDA:0,(anonymous_10)
DA:16,0
DA:17,0
DA:18,0
DA:22,0
DA:23,0
DA:25,0
DA:26,0
DA:28,0
DA:30,0
DA:32,0
DA:34,0
DA:38,0
DA:39,0
DA:40,0
DA:41,0
DA:44,0
DA:63,0
DA:69,0
DA:99,0
DA:131,0
DA:138,0
DA:172,0
DA:333,0
DA:334,0
DA:335,0
DA:336,0
LF:26
LH:0
BRDA:17,0,0,0
BRDA:17,0,1,0
BRDA:18,1,0,0
BRDA:18,1,1,0
BRDA:23,2,0,0
BRDA:23,2,1,0
BRDA:26,3,0,0
BRDA:26,3,1,0
BRDA:30,4,0,0
BRDA:30,4,1,0
BRDA:39,5,0,0
BRDA:39,5,1,0
BRDA:39,6,0,0
BRDA:39,6,1,0
BRDA:40,7,0,0
BRDA:40,7,1,0
BRDA:40,8,0,0
BRDA:40,8,1,0
BRDA:63,9,0,0
BRDA:63,9,1,0
BRDA:69,10,0,0
BRDA:69,10,1,0
BRDA:99,11,0,0
BRDA:99,11,1,0
BRDA:100,12,0,0
BRDA:100,12,1,0
BRDA:132,13,0,0
BRDA:132,13,1,0
BRDA:134,14,0,0
BRDA:134,14,1,0
BRDA:138,15,0,0
BRDA:138,15,1,0
BRDA:138,16,0,0
BRDA:138,16,1,0
BRDA:172,17,0,0
BRDA:172,17,1,0
BRDA:333,18,0,0
BRDA:333,18,1,0
BRDA:334,19,0,0
BRDA:334,19,1,0
BRDA:335,20,0,0
BRDA:335,20,1,0
BRF:42
BRH:0
end_of_record
TN:
SF:filter-config.js
FNF:0
FNH:0
DA:19,0
LF:1
LH:0
BRF:0
BRH:0
end_of_record
TN:
SF:help.js
FN:1,(anonymous_0)
FN:6,(anonymous_1)
FN:7,(anonymous_2)
FN:12,(anonymous_3)
FN:22,(anonymous_4)
FNF:5
FNH:0
FNDA:0,(anonymous_0)
FNDA:0,(anonymous_1)
FNDA:0,(anonymous_2)
FNDA:0,(anonymous_3)
FNDA:0,(anonymous_4)
DA:1,0
DA:2,0
DA:3,0
DA:5,0
DA:7,0
DA:8,0
DA:9,0
DA:11,0
DA:12,0
DA:13,0
DA:14,0
DA:22,0
DA:23,0
LF:13
LH:0
BRDA:11,0,0,0
BRDA:11,0,1,0
BRDA:11,1,0,0
BRDA:11,1,1,0
BRDA:13,2,0,0
BRDA:13,2,1,0
BRF:6
BRH:0
end_of_record
TN:
SF:options.js
FN:52,createDraggableField
FN:78,createDraggableFilter
FN:98,(anonymous_2)
FN:100,(anonymous_3)
FN:106,(anonymous_4)
FN:153,renderPatientFields
FN:157,(anonymous_6)
FN:159,(anonymous_7)
FN:173,renderFilterLayout
FN:185,(anonymous_9)
FN:192,(anonymous_10)
FN:194,(anonymous_11)
FN:196,(anonymous_12)
FN:202,(anonymous_13)
FN:239,applyTabOrder
FN:244,(anonymous_15)
FN:249,(anonymous_16)
FN:260,restoreOptions
FN:301,(anonymous_18)
FN:303,(anonymous_19)
FN:341,(anonymous_20)
FN:373,saveOptions
FN:398,(anonymous_22)
FN:410,(anonymous_23)
FN:426,(anonymous_24)
FN:431,(anonymous_25)
FN:434,(anonymous_26)
FN:465,(anonymous_27)
FN:485,(anonymous_28)
FN:500,(anonymous_29)
FN:523,(anonymous_30)
FN:535,handleDragStart
FN:539,(anonymous_32)
FN:542,handleDragEnd
FN:548,handleDragOver
FN:553,handleDrop
FN:572,getDragAfterElement
FN:579,(anonymous_37)
FN:593,getDragAfterTab
FN:598,(anonymous_39)
FN:611,setupTabDnD
FN:615,(anonymous_41)
FN:621,(anonymous_42)
FN:624,(anonymous_43)
FN:628,(anonymous_44)
FN:635,(anonymous_45)
FN:649,handleRestoreDefaults
FN:669,handleExport
FN:689,(anonymous_48)
FN:695,handleImport
FN:699,(anonymous_50)
FN:726,(anonymous_51)
FN:739,renderAutomationRules
FN:741,(anonymous_53)
FN:777,(anonymous_54)
FN:781,(anonymous_55)
FN:784,(anonymous_56)
FN:787,(anonymous_57)
FN:790,(anonymous_58)
FN:799,saveAutomationRules
FN:802,(anonymous_60)
FN:811,openRuleEditor
FN:816,(anonymous_62)
FN:822,(anonymous_63)
FN:847,(anonymous_64)
FN:874,(anonymous_65)
FN:887,(anonymous_66)
FN:890,(anonymous_67)
FN:891,(anonymous_68)
FN:904,closeRuleEditor
FN:912,handleSaveRule
FN:921,(anonymous_71)
FN:932,(anonymous_72)
FN:959,(anonymous_73)
FN:974,(anonymous_74)
FN:997,handleEditRule
FN:1001,handleDeleteRule
FN:1003,(anonymous_77)
FN:1009,handleDuplicateRule
FN:1010,(anonymous_79)
FN:1018,(anonymous_80)
FN:1025,handleToggleRuleActive
FN:1026,(anonymous_82)
FN:1033,reorderAutomationRules
FN:1036,(anonymous_84)
FN:1038,(anonymous_85)
FN:1046,populateRuleEditorFilters
FN:1066,(anonymous_87)
FN:1077,(anonymous_88)
FN:1103,createFilterElementForRuleEditor
FN:1124,(anonymous_90)
FN:1128,(anonymous_91)
FN:1149,createDateRangeElementForRuleEditor
FN:1170,(anonymous_93)
FN:1182,(anonymous_94)
FN:1186,(anonymous_95)
FN:1197,(anonymous_96)
FN:1208,(anonymous_97)
FN:1215,(anonymous_98)
FNF:99
FNH:0
FNDA:0,createDraggableField
FNDA:0,createDraggableFilter
FNDA:0,(anonymous_2)
FNDA:0,(anonymous_3)
FNDA:0,(anonymous_4)
FNDA:0,renderPatientFields
FNDA:0,(anonymous_6)
FNDA:0,(anonymous_7)
FNDA:0,renderFilterLayout
FNDA:0,(anonymous_9)
FNDA:0,(anonymous_10)
FNDA:0,(anonymous_11)
FNDA:0,(anonymous_12)
FNDA:0,(anonymous_13)
FNDA:0,applyTabOrder
FNDA:0,(anonymous_15)
FNDA:0,(anonymous_16)
FNDA:0,restoreOptions
FNDA:0,(anonymous_18)
FNDA:0,(anonymous_19)
FNDA:0,(anonymous_20)
FNDA:0,saveOptions
FNDA:0,(anonymous_22)
FNDA:0,(anonymous_23)
FNDA:0,(anonymous_24)
FNDA:0,(anonymous_25)
FNDA:0,(anonymous_26)
FNDA:0,(anonymous_27)
FNDA:0,(anonymous_28)
FNDA:0,(anonymous_29)
FNDA:0,(anonymous_30)
FNDA:0,handleDragStart
FNDA:0,(anonymous_32)
FNDA:0,handleDragEnd
FNDA:0,handleDragOver
FNDA:0,handleDrop
FNDA:0,getDragAfterElement
FNDA:0,(anonymous_37)
FNDA:0,getDragAfterTab
FNDA:0,(anonymous_39)
FNDA:0,setupTabDnD
FNDA:0,(anonymous_41)
FNDA:0,(anonymous_42)
FNDA:0,(anonymous_43)
FNDA:0,(anonymous_44)
FNDA:0,(anonymous_45)
FNDA:0,handleRestoreDefaults
FNDA:0,handleExport
FNDA:0,(anonymous_48)
FNDA:0,handleImport
FNDA:0,(anonymous_50)
FNDA:0,(anonymous_51)
FNDA:0,renderAutomationRules
FNDA:0,(anonymous_53)
FNDA:0,(anonymous_54)
FNDA:0,(anonymous_55)
FNDA:0,(anonymous_56)
FNDA:0,(anonymous_57)
FNDA:0,(anonymous_58)
FNDA:0,saveAutomationRules
FNDA:0,(anonymous_60)
FNDA:0,openRuleEditor
FNDA:0,(anonymous_62)
FNDA:0,(anonymous_63)
FNDA:0,(anonymous_64)
FNDA:0,(anonymous_65)
FNDA:0,(anonymous_66)
FNDA:0,(anonymous_67)
FNDA:0,(anonymous_68)
FNDA:0,closeRuleEditor
FNDA:0,handleSaveRule
FNDA:0,(anonymous_71)
FNDA:0,(anonymous_72)
FNDA:0,(anonymous_73)
FNDA:0,(anonymous_74)
FNDA:0,handleEditRule
FNDA:0,handleDeleteRule
FNDA:0,(anonymous_77)
FNDA:0,handleDuplicateRule
FNDA:0,(anonymous_79)
FNDA:0,(anonymous_80)
FNDA:0,handleToggleRuleActive
FNDA:0,(anonymous_82)
FNDA:0,reorderAutomationRules
FNDA:0,(anonymous_84)
FNDA:0,(anonymous_85)
FNDA:0,populateRuleEditorFilters
FNDA:0,(anonymous_87)
FNDA:0,(anonymous_88)
FNDA:0,createFilterElementForRuleEditor
FNDA:0,(anonymous_90)
FNDA:0,(anonymous_91)
FNDA:0,createDateRangeElementForRuleEditor
FNDA:0,(anonymous_93)
FNDA:0,(anonymous_94)
FNDA:0,(anonymous_95)
FNDA:0,(anonymous_96)
FNDA:0,(anonymous_97)
FNDA:0,(anonymous_98)
DA:10,0
DA:13,0
DA:14,0
DA:15,0
DA:18,0
DA:21,0
DA:22,0
DA:23,0
DA:24,0
DA:25,0
DA:26,0
DA:29,0
DA:30,0
DA:33,0
DA:34,0
DA:37,0
DA:38,0
DA:39,0
DA:40,0
DA:41,0
DA:42,0
DA:43,0
DA:44,0
DA:45,0
DA:53,0
DA:54,0
DA:55,0
DA:56,0
DA:58,0
DA:66,0
DA:67,0
DA:69,0
DA:79,0
DA:80,0
DA:81,0
DA:82,0
DA:84,0
DA:86,0
DA:87,0
DA:88,0
DA:90,0
DA:91,0
DA:94,0
DA:95,0
DA:97,0
DA:98,0
DA:100,0
DA:101,0
DA:105,0
DA:106,0
DA:109,0
DA:110,0
DA:112,0
DA:113,0
DA:117,0
DA:139,0
DA:140,0
DA:143,0
DA:144,0
DA:146,0
DA:154,0
DA:155,0
DA:157,0
DA:159,0
DA:160,0
DA:161,0
DA:162,0
DA:164,0
DA:174,0
DA:176,0
DA:177,0
DA:178,0
DA:179,0
DA:182,0
DA:185,0
DA:186,0
DA:187,0
DA:188,0
DA:189,0
DA:192,0
DA:193,0
DA:194,0
DA:196,0
DA:197,0
DA:198,0
DA:199,0
DA:202,0
DA:203,0
DA:204,0
DA:206,0
DA:207,0
DA:208,0
DA:210,0
DA:211,0
DA:212,0
DA:214,0
DA:219,0
DA:222,0
DA:223,0
DA:224,0
DA:226,0
DA:240,0
DA:241,0
DA:243,0
DA:244,0
DA:245,0
DA:249,0
DA:250,0
DA:251,0
DA:252,0
DA:261,0
DA:277,0
DA:281,0
DA:282,0
DA:284,0
DA:286,0
DA:288,0
DA:290,0
DA:292,0
DA:294,0
DA:297,0
DA:298,0
DA:301,0
DA:302,0
DA:303,0
DA:305,0
DA:307,0
DA:309,0
DA:310,0
DA:312,0
DA:315,0
DA:324,0
DA:334,0
DA:341,0
DA:342,0
DA:344,0
DA:345,0
DA:346,0
DA:347,0
DA:348,0
DA:352,0
DA:353,0
DA:355,0
DA:356,0
DA:357,0
DA:358,0
DA:360,0
DA:361,0
DA:362,0
DA:363,0
DA:366,0
DA:367,0
DA:374,0
DA:375,0
DA:379,0
DA:381,0
DA:384,0
DA:387,0
DA:390,0
DA:393,0
DA:397,0
DA:398,0
DA:399,0
DA:400,0
DA:401,0
DA:402,0
DA:410,0
DA:411,0
DA:412,0
DA:413,0
DA:414,0
DA:423,0
DA:424,0
DA:427,0
DA:428,0
DA:429,0
DA:430,0
DA:431,0
DA:432,0
DA:433,0
DA:434,0
DA:436,0
DA:441,0
DA:442,0
DA:445,0
DA:446,0
DA:452,0
DA:456,0
DA:457,0
DA:465,0
DA:466,0
DA:467,0
DA:468,0
DA:469,0
DA:470,0
DA:471,0
DA:475,0
DA:476,0
DA:485,0
DA:486,0
DA:487,0
DA:489,0
DA:498,0
DA:500,0
DA:502,0
DA:518,0
DA:523,0
DA:524,0
DA:525,0
DA:526,0
DA:527,0
DA:533,0
DA:536,0
DA:537,0
DA:538,0
DA:539,0
DA:543,0
DA:544,0
DA:545,0
DA:549,0
DA:550,0
DA:554,0
DA:555,0
DA:557,0
DA:558,0
DA:559,0
DA:560,0
DA:561,0
DA:563,0
DA:566,0
DA:567,0
DA:573,0
DA:578,0
DA:580,0
DA:581,0
DA:582,0
DA:583,0
DA:585,0
DA:594,0
DA:597,0
DA:599,0
DA:600,0
DA:601,0
DA:602,0
DA:604,0
DA:612,0
DA:614,0
DA:615,0
DA:616,0
DA:617,0
DA:621,0
DA:622,0
DA:623,0
DA:624,0
DA:628,0
DA:629,0
DA:630,0
DA:631,0
DA:635,0
DA:636,0
DA:637,0
DA:639,0
DA:640,0
DA:641,0
DA:643,0
DA:650,0
DA:653,0
DA:654,0
DA:662,0
DA:663,0
DA:664,0
DA:670,0
DA:671,0
DA:672,0
DA:673,0
DA:674,0
DA:675,0
DA:676,0
DA:677,0
DA:678,0
DA:679,0
DA:680,0
DA:681,0
DA:682,0
DA:683,0
DA:684,0
DA:686,0
DA:687,0
DA:689,0
DA:690,0
DA:696,0
DA:697,0
DA:698,0
DA:699,0
DA:700,0
DA:701,0
DA:702,0
DA:703,0
DA:705,0
DA:709,0
DA:712,0
DA:714,0
DA:715,0
DA:716,0
DA:717,0
DA:722,0
DA:723,0
DA:725,0
DA:726,0
DA:727,0
DA:731,0
DA:740,0
DA:741,0
DA:742,0
DA:743,0
DA:744,0
DA:745,0
DA:747,0
DA:748,0
DA:750,0
DA:774,0
DA:777,0
DA:778,0
DA:779,0
DA:781,0
DA:782,0
DA:784,0
DA:785,0
DA:787,0
DA:788,0
DA:791,0
DA:800,0
DA:801,0
DA:802,0
DA:803,0
DA:812,0
DA:813,0
DA:815,0
DA:816,0
DA:817,0
DA:818,0
DA:819,0
DA:820,0
DA:822,0
DA:825,0
DA:826,0
DA:827,0
DA:830,0
DA:833,0
DA:834,0
DA:835,0
DA:836,0
DA:838,0
DA:839,0
DA:840,0
DA:841,0
DA:847,0
DA:848,0
DA:849,0
DA:852,0
DA:853,0
DA:854,0
DA:856,0
DA:862,0
DA:863,0
DA:864,0
DA:867,0
DA:874,0
DA:875,0
DA:878,0
DA:879,0
DA:880,0
DA:883,0
DA:887,0
DA:888,0
DA:890,0
DA:891,0
DA:892,0
DA:893,0
DA:898,0
DA:905,0
DA:906,0
DA:913,0
DA:914,0
DA:915,0
DA:916,0
DA:919,0
DA:921,0
DA:923,0
DA:924,0
DA:932,0
DA:933,0
DA:937,0
DA:940,0
DA:943,0
DA:944,0
DA:946,0
DA:947,0
DA:949,0
DA:950,0
DA:958,0
DA:959,0
DA:960,0
DA:961,0
DA:964,0
DA:966,0
DA:967,0
DA:972,0
DA:973,0
DA:974,0
DA:976,0
DA:977,0
DA:978,0
DA:979,0
DA:982,0
DA:989,0
DA:992,0
DA:993,0
DA:994,0
DA:998,0
DA:1002,0
DA:1003,0
DA:1004,0
DA:1005,0
DA:1010,0
DA:1011,0
DA:1013,0
DA:1014,0
DA:1015,0
DA:1016,0
DA:1018,0
DA:1019,0
DA:1021,0
DA:1022,0
DA:1026,0
DA:1027,0
DA:1028,0
DA:1029,0
DA:1034,0
DA:1036,0
DA:1037,0
DA:1038,0
DA:1040,0
DA:1047,0
DA:1049,0
DA:1050,0
DA:1051,0
DA:1052,0
DA:1055,0
DA:1058,0
DA:1066,0
DA:1067,0
DA:1068,0
DA:1069,0
DA:1072,0
DA:1073,0
DA:1075,0
DA:1077,0
DA:1078,0
DA:1079,0
DA:1084,0
DA:1088,0
DA:1091,0
DA:1092,0
DA:1104,0
DA:1105,0
DA:1106,0
DA:1108,0
DA:1109,0
DA:1110,0
DA:1113,0
DA:1115,0
DA:1118,0
DA:1121,0
DA:1122,0
DA:1123,0
DA:1124,0
DA:1125,0
DA:1128,0
DA:1129,0
DA:1132,0
DA:1133,0
DA:1135,0
DA:1136,0
DA:1138,0
DA:1140,0
DA:1141,0
DA:1150,0
DA:1151,0
DA:1152,0
DA:1166,0
DA:1170,0
DA:1171,0
DA:1173,0
DA:1176,0
DA:1177,0
DA:1178,0
DA:1180,0
DA:1182,0
DA:1183,0
DA:1184,0
DA:1186,0
DA:1187,0
DA:1188,0
DA:1192,0
DA:1193,0
DA:1194,0
DA:1195,0
DA:1197,0
DA:1198,0
DA:1199,0
DA:1200,0
DA:1201,0
DA:1207,0
DA:1208,0
DA:1209,0
DA:1211,0
DA:1212,0
DA:1213,0
DA:1215,0
DA:1216,0
DA:1217,0
LF:522
LH:0
BRDA:61,0,0,0
BRDA:61,0,1,0
BRDA:78,1,0,0
BRDA:84,2,0,0
BRDA:84,2,1,0
BRDA:87,3,0,0
BRDA:87,3,1,0
BRDA:88,4,0,0
BRDA:88,4,1,0
BRDA:88,4,2,0
BRDA:88,4,3,0
BRDA:95,5,0,0
BRDA:95,5,1,0
BRDA:105,6,0,0
BRDA:105,6,1,0
BRDA:125,7,0,0
BRDA:125,7,1,0
BRDA:139,8,0,0
BRDA:139,8,1,0
BRDA:161,9,0,0
BRDA:161,9,1,0
BRDA:178,10,0,0
BRDA:178,10,1,0
BRDA:188,11,0,0
BRDA:188,11,1,0
BRDA:189,12,0,0
BRDA:189,12,1,0
BRDA:193,13,0,0
BRDA:193,13,1,0
BRDA:197,14,0,0
BRDA:197,14,1,0
BRDA:198,15,0,0
BRDA:198,15,1,0
BRDA:204,16,0,0
BRDA:204,16,1,0
BRDA:206,17,0,0
BRDA:206,17,1,0
BRDA:210,18,0,0
BRDA:210,18,1,0
BRDA:214,19,0,0
BRDA:214,19,1,0
BRDA:215,20,0,0
BRDA:215,20,1,0
BRDA:215,20,2,0
BRDA:222,21,0,0
BRDA:222,21,1,0
BRDA:223,22,0,0
BRDA:223,22,1,0
BRDA:241,23,0,0
BRDA:241,23,1,0
BRDA:251,24,0,0
BRDA:251,24,1,0
BRDA:281,25,0,0
BRDA:281,25,1,0
BRDA:297,26,0,0
BRDA:297,26,1,0
BRDA:305,27,0,0
BRDA:305,27,1,0
BRDA:342,28,0,0
BRDA:342,28,1,0
BRDA:344,29,0,0
BRDA:344,29,1,0
BRDA:347,30,0,0
BRDA:347,30,1,0
BRDA:348,31,0,0
BRDA:348,31,1,0
BRDA:352,32,0,0
BRDA:352,32,1,0
BRDA:360,33,0,0
BRDA:360,33,1,0
BRDA:361,34,0,0
BRDA:361,34,1,0
BRDA:362,35,0,0
BRDA:362,35,1,0
BRDA:363,36,0,0
BRDA:363,36,1,0
BRDA:366,37,0,0
BRDA:366,37,1,0
BRDA:379,38,0,0
BRDA:379,38,1,0
BRDA:427,39,0,0
BRDA:427,39,1,0
BRDA:429,40,0,0
BRDA:429,40,1,0
BRDA:430,41,0,0
BRDA:430,41,1,0
BRDA:441,42,0,0
BRDA:441,42,1,0
BRDA:445,43,0,0
BRDA:445,43,1,0
BRDA:447,44,0,0
BRDA:447,44,1,0
BRDA:468,45,0,0
BRDA:468,45,1,0
BRDA:468,46,0,0
BRDA:468,46,1,0
BRDA:469,47,0,0
BRDA:469,47,1,0
BRDA:470,48,0,0
BRDA:470,48,1,0
BRDA:487,49,0,0
BRDA:487,49,1,0
BRDA:503,50,0,0
BRDA:503,50,1,0
BRDA:525,51,0,0
BRDA:525,51,1,0
BRDA:537,52,0,0
BRDA:537,52,1,0
BRDA:543,53,0,0
BRDA:543,53,1,0
BRDA:555,54,0,0
BRDA:555,54,1,0
BRDA:558,55,0,0
BRDA:558,55,1,0
BRDA:560,56,0,0
BRDA:560,56,1,0
BRDA:566,57,0,0
BRDA:566,57,1,0
BRDA:582,58,0,0
BRDA:582,58,1,0
BRDA:582,59,0,0
BRDA:582,59,1,0
BRDA:601,60,0,0
BRDA:601,60,1,0
BRDA:601,61,0,0
BRDA:601,61,1,0
BRDA:601,61,2,0
BRDA:612,62,0,0
BRDA:612,62,1,0
BRDA:616,63,0,0
BRDA:616,63,1,0
BRDA:622,64,0,0
BRDA:622,64,1,0
BRDA:622,65,0,0
BRDA:622,65,1,0
BRDA:629,66,0,0
BRDA:629,66,1,0
BRDA:637,67,0,0
BRDA:637,67,1,0
BRDA:640,68,0,0
BRDA:640,68,1,0
BRDA:653,69,0,0
BRDA:653,69,1,0
BRDA:697,70,0,0
BRDA:697,70,1,0
BRDA:702,71,0,0
BRDA:702,71,1,0
BRDA:702,72,0,0
BRDA:702,72,1,0
BRDA:705,73,0,0
BRDA:705,73,1,0
BRDA:712,74,0,0
BRDA:712,74,1,0
BRDA:748,75,0,0
BRDA:748,75,1,0
BRDA:757,76,0,0
BRDA:757,76,1,0
BRDA:763,77,0,0
BRDA:763,77,1,0
BRDA:811,78,0,0
BRDA:815,79,0,0
BRDA:815,79,1,0
BRDA:817,80,0,0
BRDA:817,80,1,0
BRDA:825,81,0,0
BRDA:825,81,1,0
BRDA:825,82,0,0
BRDA:825,82,1,0
BRDA:833,83,0,0
BRDA:833,83,1,0
BRDA:833,84,0,0
BRDA:833,84,1,0
BRDA:833,84,2,0
BRDA:835,85,0,0
BRDA:835,85,1,0
BRDA:838,86,0,0
BRDA:838,86,1,0
BRDA:838,87,0,0
BRDA:838,87,1,0
BRDA:838,87,2,0
BRDA:840,88,0,0
BRDA:840,88,1,0
BRDA:848,89,0,0
BRDA:848,89,1,0
BRDA:852,90,0,0
BRDA:852,90,1,0
BRDA:853,91,0,0
BRDA:853,91,1,0
BRDA:879,92,0,0
BRDA:879,92,1,0
BRDA:880,93,0,0
BRDA:880,93,1,0
BRDA:892,94,0,0
BRDA:892,94,1,0
BRDA:914,95,0,0
BRDA:914,95,1,0
BRDA:949,96,0,0
BRDA:949,96,1,0
BRDA:949,97,0,0
BRDA:949,97,1,0
BRDA:951,98,0,0
BRDA:951,98,1,0
BRDA:952,99,0,0
BRDA:952,99,1,0
BRDA:958,100,0,0
BRDA:958,100,1,0
BRDA:960,101,0,0
BRDA:960,101,1,0
BRDA:964,102,0,0
BRDA:964,102,1,0
BRDA:966,103,0,0
BRDA:966,103,1,0
BRDA:972,104,0,0
BRDA:972,104,1,0
BRDA:976,105,0,0
BRDA:976,105,1,0
BRDA:1002,106,0,0
BRDA:1002,106,1,0
BRDA:1011,107,0,0
BRDA:1011,107,1,0
BRDA:1027,108,0,0
BRDA:1027,108,1,0
BRDA:1051,109,0,0
BRDA:1051,109,1,0
BRDA:1068,110,0,0
BRDA:1068,110,1,0
BRDA:1075,111,0,0
BRDA:1075,111,1,0
BRDA:1078,112,0,0
BRDA:1078,112,1,0
BRDA:1091,113,0,0
BRDA:1091,113,1,0
BRDA:1108,114,0,0
BRDA:1108,114,1,0
BRDA:1113,115,0,0
BRDA:1113,115,1,0
BRDA:1113,115,2,0
BRDA:1113,115,3,0
BRDA:1116,116,0,0
BRDA:1116,116,1,0
BRDA:1122,117,0,0
BRDA:1122,117,1,0
BRDA:1128,118,0,0
BRDA:1128,118,1,0
BRDA:1177,119,0,0
BRDA:1177,119,1,0
BRDA:1187,120,0,0
BRDA:1187,120,1,0
BRDA:1198,121,0,0
BRDA:1198,121,1,0
BRDA:1198,122,0,0
BRDA:1198,122,1,0
BRDA:1200,123,0,0
BRDA:1200,123,1,0
BRF:254
BRH:0
end_of_record
TN:
SF:renderers.js
FN:9,renderConsultations
FN:43,(anonymous_1)
FN:89,(anonymous_2)
FN:120,renderExams
FN:154,(anonymous_4)
FN:215,renderAppointments
FN:263,(anonymous_6)
FN:358,renderRegulations
FN:365,(anonymous_8)
FN:416,(anonymous_9)
FN:535,(anonymous_10)
FN:580,renderDocuments
FN:614,(anonymous_12)
FN:660,renderTimeline
FN:730,(anonymous_14)
FN:816,(anonymous_15)
FN:841,(anonymous_16)
FNF:17
FNH:0
FNDA:0,renderConsultations
FNDA:0,(anonymous_1)
FNDA:0,(anonymous_2)
FNDA:0,renderExams
FNDA:0,(anonymous_4)
FNDA:0,renderAppointments
FNDA:0,(anonymous_6)
FNDA:0,renderRegulations
FNDA:0,(anonymous_8)
FNDA:0,(anonymous_9)
FNDA:0,(anonymous_10)
FNDA:0,renderDocuments
FNDA:0,(anonymous_12)
FNDA:0,renderTimeline
FNDA:0,(anonymous_14)
FNDA:0,(anonymous_15)
FNDA:0,(anonymous_16)
DA:10,0
DA:11,0
DA:14,0
DA:16,0
DA:17,0
DA:18,0
DA:19,0
DA:20,0
DA:21,0
DA:25,0
DA:26,0
DA:28,0
DA:29,0
DA:30,0
DA:31,0
DA:33,0
DA:34,0
DA:35,0
DA:36,0
DA:38,0
DA:39,0
DA:40,0
DA:43,0
DA:44,0
DA:45,0
DA:48,0
DA:49,0
DA:51,0
DA:53,0
DA:54,0
DA:55,0
DA:57,0
DA:58,0
DA:59,0
DA:61,0
DA:62,0
DA:64,0
DA:65,0
DA:66,0
DA:68,0
DA:69,0
DA:72,0
DA:73,0
DA:75,0
DA:76,0
DA:77,0
DA:78,0
DA:79,0
DA:81,0
DA:82,0
DA:83,0
DA:84,0
DA:86,0
DA:87,0
DA:89,0
DA:90,0
DA:91,0
DA:92,0
DA:94,0
DA:95,0
DA:96,0
DA:98,0
DA:99,0
DA:100,0
DA:101,0
DA:102,0
DA:104,0
DA:105,0
DA:107,0
DA:108,0
DA:111,0
DA:114,0
DA:115,0
DA:116,0
DA:121,0
DA:122,0
DA:125,0
DA:127,0
DA:128,0
DA:129,0
DA:130,0
DA:131,0
DA:132,0
DA:136,0
DA:137,0
DA:139,0
DA:140,0
DA:141,0
DA:142,0
DA:144,0
DA:145,0
DA:146,0
DA:147,0
DA:149,0
DA:150,0
DA:151,0
DA:154,0
DA:155,0
DA:156,0
DA:157,0
DA:158,0
DA:160,0
DA:168,0
DA:169,0
DA:172,0
DA:173,0
DA:174,0
DA:176,0
DA:177,0
DA:178,0
DA:179,0
DA:180,0
DA:182,0
DA:183,0
DA:186,0
DA:187,0
DA:189,0
DA:190,0
DA:192,0
DA:193,0
DA:195,0
DA:196,0
DA:198,0
DA:199,0
DA:202,0
DA:203,0
DA:204,0
DA:205,0
DA:206,0
DA:207,0
DA:208,0
DA:211,0
DA:216,0
DA:217,0
DA:219,0
DA:228,0
DA:230,0
DA:231,0
DA:232,0
DA:233,0
DA:234,0
DA:235,0
DA:239,0
DA:240,0
DA:242,0
DA:243,0
DA:244,0
DA:245,0
DA:247,0
DA:248,0
DA:249,0
DA:250,0
DA:252,0
DA:253,0
DA:254,0
DA:255,0
DA:257,0
DA:258,0
DA:259,0
DA:260,0
DA:263,0
DA:264,0
DA:265,0
DA:266,0
DA:267,0
DA:268,0
DA:269,0
DA:270,0
DA:271,0
DA:276,0
DA:279,0
DA:282,0
DA:286,0
DA:288,0
DA:291,0
DA:294,0
DA:295,0
DA:298,0
DA:299,0
DA:301,0
DA:303,0
DA:304,0
DA:305,0
DA:307,0
DA:308,0
DA:309,0
DA:311,0
DA:312,0
DA:314,0
DA:315,0
DA:316,0
DA:318,0
DA:319,0
DA:322,0
DA:323,0
DA:325,0
DA:326,0
DA:328,0
DA:329,0
DA:331,0
DA:332,0
DA:334,0
DA:335,0
DA:336,0
DA:339,0
DA:340,0
DA:342,0
DA:343,0
DA:344,0
DA:345,0
DA:346,0
DA:347,0
DA:349,0
DA:351,0
DA:352,0
DA:353,0
DA:354,0
DA:359,0
DA:360,0
DA:362,0
DA:363,0
DA:364,0
DA:365,0
DA:366,0
DA:367,0
DA:371,0
DA:381,0
DA:383,0
DA:384,0
DA:385,0
DA:386,0
DA:387,0
DA:388,0
DA:392,0
DA:393,0
DA:395,0
DA:396,0
DA:397,0
DA:398,0
DA:400,0
DA:401,0
DA:402,0
DA:403,0
DA:405,0
DA:406,0
DA:407,0
DA:408,0
DA:410,0
DA:411,0
DA:412,0
DA:413,0
DA:416,0
DA:417,0
DA:418,0
DA:420,0
DA:421,0
DA:422,0
DA:423,0
DA:424,0
DA:426,0
DA:427,0
DA:429,0
DA:430,0
DA:433,0
DA:434,0
DA:436,0
DA:438,0
DA:439,0
DA:441,0
DA:442,0
DA:443,0
DA:445,0
DA:446,0
DA:447,0
DA:448,0
DA:450,0
DA:451,0
DA:453,0
DA:454,0
DA:455,0
DA:457,0
DA:458,0
DA:459,0
DA:460,0
DA:461,0
DA:463,0
DA:464,0
DA:466,0
DA:467,0
DA:468,0
DA:470,0
DA:471,0
DA:472,0
DA:473,0
DA:474,0
DA:476,0
DA:477,0
DA:479,0
DA:480,0
DA:481,0
DA:483,0
DA:484,0
DA:485,0
DA:487,0
DA:488,0
DA:491,0
DA:492,0
DA:494,0
DA:495,0
DA:497,0
DA:498,0
DA:500,0
DA:501,0
DA:503,0
DA:504,0
DA:505,0
DA:508,0
DA:509,0
DA:511,0
DA:512,0
DA:513,0
DA:514,0
DA:515,0
DA:517,0
DA:519,0
DA:520,0
DA:521,0
DA:524,0
DA:525,0
DA:526,0
DA:528,0
DA:529,0
DA:530,0
DA:532,0
DA:533,0
DA:535,0
DA:536,0
DA:537,0
DA:538,0
DA:539,0
DA:541,0
DA:542,0
DA:544,0
DA:545,0
DA:546,0
DA:547,0
DA:548,0
DA:549,0
DA:550,0
DA:551,0
DA:553,0
DA:554,0
DA:555,0
DA:556,0
DA:558,0
DA:559,0
DA:561,0
DA:562,0
DA:563,0
DA:565,0
DA:566,0
DA:568,0
DA:571,0
DA:572,0
DA:573,0
DA:576,0
DA:581,0
DA:582,0
DA:585,0
DA:587,0
DA:588,0
DA:589,0
DA:590,0
DA:591,0
DA:592,0
DA:596,0
DA:597,0
DA:599,0
DA:600,0
DA:601,0
DA:602,0
DA:604,0
DA:605,0
DA:606,0
DA:607,0
DA:609,0
DA:610,0
DA:611,0
DA:614,0
DA:615,0
DA:616,0
DA:619,0
DA:620,0
DA:621,0
DA:624,0
DA:625,0
DA:627,0
DA:628,0
DA:630,0
DA:631,0
DA:633,0
DA:634,0
DA:635,0
DA:637,0
DA:638,0
DA:639,0
DA:642,0
DA:643,0
DA:644,0
DA:645,0
DA:646,0
DA:648,0
DA:649,0
DA:650,0
DA:651,0
DA:661,0
DA:662,0
DA:664,0
DA:704,0
DA:706,0
DA:708,0
DA:710,0
DA:712,0
DA:714,0
DA:716,0
DA:718,0
DA:720,0
DA:721,0
DA:723,0
DA:725,0
DA:726,0
DA:729,0
DA:731,0
DA:737,0
DA:741,0
DA:742,0
DA:744,0
DA:745,0
DA:749,0
DA:752,0
DA:755,0
DA:759,0
DA:761,0
DA:764,0
DA:767,0
DA:775,0
DA:776,0
DA:777,0
DA:779,0
DA:780,0
DA:782,0
DA:783,0
DA:784,0
DA:787,0
DA:790,0
DA:791,0
DA:796,0
DA:798,0
DA:799,0
DA:800,0
DA:801,0
DA:802,0
DA:806,0
DA:807,0
DA:808,0
DA:809,0
DA:811,0
DA:816,0
DA:831,0
DA:832,0
DA:834,0
DA:841,0
DA:865,0
DA:877,0
DA:878,0
DA:879,0
DA:889,0
DA:915,0
DA:916,0
DA:918,0
LF:480
LH:0
BRDA:11,0,0,0
BRDA:11,0,1,0
BRDA:16,1,0,0
BRDA:16,1,1,0
BRDA:45,2,0,0
BRDA:45,2,1,0
BRDA:75,3,0,0
BRDA:75,3,1,0
BRDA:122,4,0,0
BRDA:122,4,1,0
BRDA:127,5,0,0
BRDA:127,5,1,0
BRDA:157,6,0,0
BRDA:157,6,1,0
BRDA:157,7,0,0
BRDA:157,7,1,0
BRDA:158,8,0,0
BRDA:158,8,1,0
BRDA:158,9,0,0
BRDA:158,9,1,0
BRDA:160,10,0,0
BRDA:160,10,1,0
BRDA:160,10,2,0
BRDA:160,10,3,0
BRDA:160,10,4,0
BRDA:160,10,5,0
BRDA:160,10,6,0
BRDA:174,11,0,0
BRDA:174,11,1,0
BRDA:190,12,0,0
BRDA:190,12,1,0
BRDA:190,13,0,0
BRDA:190,13,1,0
BRDA:193,14,0,0
BRDA:193,14,1,0
BRDA:202,15,0,0
BRDA:202,15,1,0
BRDA:217,16,0,0
BRDA:217,16,1,0
BRDA:230,17,0,0
BRDA:230,17,1,0
BRDA:264,18,0,0
BRDA:264,18,1,0
BRDA:266,19,0,0
BRDA:266,19,1,0
BRDA:268,20,0,0
BRDA:268,20,1,0
BRDA:270,21,0,0
BRDA:270,21,1,0
BRDA:279,22,0,0
BRDA:279,22,1,0
BRDA:279,23,0,0
BRDA:279,23,1,0
BRDA:286,24,0,0
BRDA:286,24,1,0
BRDA:286,24,2,0
BRDA:309,25,0,0
BRDA:309,25,1,0
BRDA:344,26,0,0
BRDA:344,26,1,0
BRDA:345,27,0,0
BRDA:345,27,1,0
BRDA:360,28,0,0
BRDA:360,28,1,0
BRDA:364,29,0,0
BRDA:364,29,1,0
BRDA:364,30,0,0
BRDA:364,30,1,0
BRDA:383,31,0,0
BRDA:383,31,1,0
BRDA:417,32,0,0
BRDA:417,32,1,0
BRDA:418,33,0,0
BRDA:418,33,1,0
BRDA:420,34,0,0
BRDA:420,34,1,0
BRDA:421,35,0,0
BRDA:421,35,1,0
BRDA:424,36,0,0
BRDA:424,36,1,0
BRDA:426,37,0,0
BRDA:426,37,1,0
BRDA:426,38,0,0
BRDA:426,38,1,0
BRDA:427,39,0,0
BRDA:427,39,1,0
BRDA:501,40,0,0
BRDA:501,40,1,0
BRDA:524,41,0,0
BRDA:524,41,1,0
BRDA:524,42,0,0
BRDA:524,42,1,0
BRDA:582,43,0,0
BRDA:582,43,1,0
BRDA:587,44,0,0
BRDA:587,44,1,0
BRDA:587,45,0,0
BRDA:587,45,1,0
BRDA:662,46,0,0
BRDA:662,46,1,0
BRDA:706,47,0,0
BRDA:706,47,1,0
BRDA:706,47,2,0
BRDA:706,47,3,0
BRDA:720,48,0,0
BRDA:720,48,1,0
BRDA:731,49,0,0
BRDA:731,49,1,0
BRDA:737,50,0,0
BRDA:737,50,1,0
BRDA:737,51,0,0
BRDA:737,51,1,0
BRDA:744,52,0,0
BRDA:744,52,1,0
BRDA:752,53,0,0
BRDA:752,53,1,0
BRDA:752,54,0,0
BRDA:752,54,1,0
BRDA:759,55,0,0
BRDA:759,55,1,0
BRDA:759,55,2,0
BRDA:775,56,0,0
BRDA:775,56,1,0
BRDA:783,57,0,0
BRDA:783,57,1,0
BRDA:784,58,0,0
BRDA:784,58,1,0
BRDA:787,59,0,0
BRDA:787,59,1,0
BRDA:791,60,0,0
BRDA:791,60,1,0
BRDA:792,61,0,0
BRDA:792,61,1,0
BRDA:792,61,2,0
BRDA:798,62,0,0
BRDA:798,62,1,0
BRDA:800,63,0,0
BRDA:800,63,1,0
BRDA:800,64,0,0
BRDA:800,64,1,0
BRDA:806,65,0,0
BRDA:806,65,1,0
BRDA:831,66,0,0
BRDA:831,66,1,0
BRDA:834,67,0,0
BRDA:834,67,1,0
BRDA:834,68,0,0
BRDA:834,68,1,0
BRDA:871,69,0,0
BRDA:871,69,1,0
BRDA:877,70,0,0
BRDA:877,70,1,0
BRF:152
BRH:0
end_of_record
TN:
SF:sidebar.js
FN:45,cleanupPatientResources
FN:62,(anonymous_1)
FN:82,registerCleanupCallbacks
FN:84,(anonymous_3)
FN:86,(anonymous_4)
FN:99,(anonymous_5)
FN:108,(anonymous_6)
FN:124,(anonymous_7)
FN:127,(anonymous_8)
FN:130,(anonymous_9)
FN:132,(anonymous_10)
FN:137,(anonymous_11)
FN:140,(anonymous_12)
FN:146,(anonymous_13)
FN:151,(anonymous_14)
FN:158,(anonymous_15)
FN:158,(anonymous_16)
FN:164,(anonymous_17)
FN:169,(anonymous_18)
FN:174,(anonymous_19)
FN:180,(anonymous_20)
FN:186,(anonymous_21)
FN:191,(anonymous_22)
FN:196,(anonymous_23)
FN:202,(anonymous_24)
FN:208,(anonymous_25)
FN:214,(anonymous_26)
FN:217,(anonymous_27)
FN:225,(anonymous_28)
FN:230,(anonymous_29)
FN:236,(anonymous_30)
FN:243,(anonymous_31)
FN:249,(anonymous_32)
FN:256,(anonymous_33)
FN:261,(anonymous_34)
FN:267,(anonymous_35)
FN:279,(anonymous_36)
FN:289,(anonymous_37)
FN:300,(anonymous_38)
FN:346,applySectionIcons
FN:360,applyCustomHeaderStyles
FN:402,selectPatient
FN:426,(anonymous_42)
FN:436,(anonymous_43)
FN:443,executePatientSelection
FN:463,(anonymous_45)
FN:485,init
FN:522,(anonymous_47)
FN:527,(anonymous_48)
FN:585,loadConfigAndData
FN:657,(anonymous_50)
FN:659,(anonymous_51)
FN:678,applySectionOrder
FN:700,(anonymous_53)
FN:706,(anonymous_54)
FN:713,(anonymous_55)
FN:722,initializeSections
FN:723,(anonymous_57)
FN:741,applyUserPreferences
FN:760,(anonymous_59)
FN:774,(anonymous_60)
FN:790,setupAutoModeToggle
FN:796,(anonymous_62)
FN:801,(anonymous_63)
FN:808,handleRegulationLoaded
FN:850,applyAutomationRules
FN:867,(anonymous_66)
FN:873,(anonymous_67)
FN:887,handleShowRegulationInfo
FN:911,addGlobalEventListeners
FN:921,(anonymous_70)
FN:940,(anonymous_71)
FN:943,(anonymous_72)
FN:969,(anonymous_73)
FN:974,(anonymous_74)
FN:1005,(anonymous_75)
FN:1017,handleGlobalActions
FN:1062,copyToClipboard
FN:1074,(anonymous_78)
FN:1085,updateRecentPatients
FN:1092,(anonymous_80)
FN:1116,(anonymous_81)
FN:1123,handleViewExamResult
FN:1156,handleViewDocument
FN:1186,handleViewRegulationAttachment
FN:1216,showModal
FN:1239,createDetailRowElement
FN:1259,createRegulationDetailsElement
FN:1280,(anonymous_88)
FN:1306,createAppointmentDetailsElement
FN:1330,(anonymous_90)
FN:1356,createExamAppointmentDetailsElement
FN:1374,(anonymous_92)
FN:1383,createDetailRow
FN:1391,formatRegulationDetailsForModal
FN:1418,formatAppointmentDetailsForModal
FN:1455,formatExamAppointmentDetailsForModal
FN:1478,handleShowRegulationDetailsModal
FN:1496,handleShowAppointmentDetailsModal
FN:1524,handleShowAppointmentInfo
FN:1549,(anonymous_100)
FN:1561,checkForPendingRegulation
FNF:102
FNH:0
FNDA:0,cleanupPatientResources
FNDA:0,(anonymous_1)
FNDA:0,registerCleanupCallbacks
FNDA:0,(anonymous_3)
FNDA:0,(anonymous_4)
FNDA:0,(anonymous_5)
FNDA:0,(anonymous_6)
FNDA:0,(anonymous_7)
FNDA:0,(anonymous_8)
FNDA:0,(anonymous_9)
FNDA:0,(anonymous_10)
FNDA:0,(anonymous_11)
FNDA:0,(anonymous_12)
FNDA:0,(anonymous_13)
FNDA:0,(anonymous_14)
FNDA:0,(anonymous_15)
FNDA:0,(anonymous_16)
FNDA:0,(anonymous_17)
FNDA:0,(anonymous_18)
FNDA:0,(anonymous_19)
FNDA:0,(anonymous_20)
FNDA:0,(anonymous_21)
FNDA:0,(anonymous_22)
FNDA:0,(anonymous_23)
FNDA:0,(anonymous_24)
FNDA:0,(anonymous_25)
FNDA:0,(anonymous_26)
FNDA:0,(anonymous_27)
FNDA:0,(anonymous_28)
FNDA:0,(anonymous_29)
FNDA:0,(anonymous_30)
FNDA:0,(anonymous_31)
FNDA:0,(anonymous_32)
FNDA:0,(anonymous_33)
FNDA:0,(anonymous_34)
FNDA:0,(anonymous_35)
FNDA:0,(anonymous_36)
FNDA:0,(anonymous_37)
FNDA:0,(anonymous_38)
FNDA:0,applySectionIcons
FNDA:0,applyCustomHeaderStyles
FNDA:0,selectPatient
FNDA:0,(anonymous_42)
FNDA:0,(anonymous_43)
FNDA:0,executePatientSelection
FNDA:0,(anonymous_45)
FNDA:0,init
FNDA:0,(anonymous_47)
FNDA:0,(anonymous_48)
FNDA:0,loadConfigAndData
FNDA:0,(anonymous_50)
FNDA:0,(anonymous_51)
FNDA:0,applySectionOrder
FNDA:0,(anonymous_53)
FNDA:0,(anonymous_54)
FNDA:0,(anonymous_55)
FNDA:0,initializeSections
FNDA:0,(anonymous_57)
FNDA:0,applyUserPreferences
FNDA:0,(anonymous_59)
FNDA:0,(anonymous_60)
FNDA:0,setupAutoModeToggle
FNDA:0,(anonymous_62)
FNDA:0,(anonymous_63)
FNDA:0,handleRegulationLoaded
FNDA:0,applyAutomationRules
FNDA:0,(anonymous_66)
FNDA:0,(anonymous_67)
FNDA:0,handleShowRegulationInfo
FNDA:0,addGlobalEventListeners
FNDA:0,(anonymous_70)
FNDA:0,(anonymous_71)
FNDA:0,(anonymous_72)
FNDA:0,(anonymous_73)
FNDA:0,(anonymous_74)
FNDA:0,(anonymous_75)
FNDA:0,handleGlobalActions
FNDA:0,copyToClipboard
FNDA:0,(anonymous_78)
FNDA:0,updateRecentPatients
FNDA:0,(anonymous_80)
FNDA:0,(anonymous_81)
FNDA:0,handleViewExamResult
FNDA:0,handleViewDocument
FNDA:0,handleViewRegulationAttachment
FNDA:0,showModal
FNDA:0,createDetailRowElement
FNDA:0,createRegulationDetailsElement
FNDA:0,(anonymous_88)
FNDA:0,createAppointmentDetailsElement
FNDA:0,(anonymous_90)
FNDA:0,createExamAppointmentDetailsElement
FNDA:0,(anonymous_92)
FNDA:0,createDetailRow
FNDA:0,formatRegulationDetailsForModal
FNDA:0,formatAppointmentDetailsForModal
FNDA:0,formatExamAppointmentDetailsForModal
FNDA:0,handleShowRegulationDetailsModal
FNDA:0,handleShowAppointmentDetailsModal
FNDA:0,handleShowAppointmentInfo
FNDA:0,(anonymous_100)
FNDA:0,checkForPendingRegulation
DA:18,0
DA:28,0
DA:29,0
DA:32,0
DA:35,0
DA:38,0
DA:39,0
DA:40,0
DA:46,0
DA:49,0
DA:50,0
DA:51,0
DA:55,0
DA:56,0
DA:59,0
DA:62,0
DA:63,0
DA:64,0
DA:66,0
DA:67,0
DA:68,0
DA:69,0
DA:74,0
DA:76,0
DA:84,0
DA:85,0
DA:86,0
DA:87,0
DA:88,0
DA:89,0
DA:91,0
DA:95,0
DA:99,0
DA:100,0
DA:101,0
DA:102,0
DA:103,0
DA:108,0
DA:109,0
DA:110,0
DA:111,0
DA:112,0
DA:124,0
DA:125,0
DA:127,0
DA:129,0
DA:130,0
DA:131,0
DA:132,0
DA:137,0
DA:138,0
DA:139,0
DA:140,0
DA:143,0
DA:147,0
DA:151,0
DA:155,0
DA:158,0
DA:161,0
DA:164,0
DA:166,0
DA:169,0
DA:171,0
DA:174,0
DA:177,0
DA:180,0
DA:181,0
DA:183,0
DA:186,0
DA:188,0
DA:191,0
DA:193,0
DA:196,0
DA:199,0
DA:202,0
DA:203,0
DA:204,0
DA:206,0
DA:207,0
DA:208,0
DA:212,0
DA:213,0
DA:214,0
DA:216,0
DA:217,0
DA:218,0
DA:222,0
DA:225,0
DA:227,0
DA:230,0
DA:233,0
DA:236,0
DA:237,0
DA:238,0
DA:239,0
DA:241,0
DA:242,0
DA:243,0
DA:247,0
DA:248,0
DA:249,0
DA:253,0
DA:256,0
DA:258,0
DA:261,0
DA:264,0
DA:267,0
DA:268,0
DA:271,0
DA:274,0
DA:276,0
DA:277,0
DA:278,0
DA:279,0
DA:280,0
DA:281,0
DA:286,0
DA:287,0
DA:288,0
DA:289,0
DA:290,0
DA:291,0
DA:297,0
DA:300,0
DA:303,0
DA:306,0
DA:347,0
DA:348,0
DA:349,0
DA:350,0
DA:364,0
DA:371,0
DA:373,0
DA:377,0
DA:378,0
DA:381,0
DA:383,0
DA:386,0
[...]
DA:1180,0
DA:1181,0
DA:1182,0
DA:1187,0
DA:1188,0
DA:1191,0
DA:1192,0
DA:1193,0
DA:1195,0
DA:1196,0
DA:1197,0
DA:1198,0
DA:1201,0
DA:1202,0
DA:1203,0
DA:1204,0
DA:1208,0
DA:1209,0
DA:1210,0
DA:1211,0
DA:1212,0
DA:1217,0
DA:1218,0
DA:1219,0
DA:1222,0
DA:1225,0
DA:1226,0
DA:1227,0
DA:1229,0
DA:1230,0
DA:1233,0
DA:1236,0
DA:1240,0
DA:1242,0
DA:1243,0
DA:1245,0
DA:1246,0
DA:1247,0
DA:1249,0
DA:1250,0
DA:1251,0
DA:1253,0
DA:1254,0
DA:1256,0
DA:1260,0
DA:1261,0
DA:1262,0
DA:1263,0
DA:1266,0
DA:1268,0
DA:1280,0
DA:1281,0
DA:1282,0
DA:1286,0
DA:1287,0
DA:1288,0
DA:1290,0
DA:1291,0
DA:1292,0
DA:1294,0
DA:1295,0
DA:1296,0
DA:1298,0
DA:1299,0
DA:1300,0
DA:1303,0
DA:1307,0
DA:1308,0
DA:1309,0
DA:1310,0
DA:1313,0
DA:1315,0
DA:1316,0
DA:1317,0
DA:1318,0
DA:1320,0
DA:1330,0
DA:1331,0
DA:1332,0
DA:1336,0
DA:1337,0
DA:1338,0
DA:1340,0
DA:1341,0
DA:1342,0
DA:1344,0
DA:1345,0
DA:1346,0
DA:1348,0
DA:1349,0
DA:1350,0
DA:1353,0
DA:1357,0
DA:1358,0
DA:1359,0
DA:1360,0
DA:1363,0
DA:1365,0
DA:1374,0
DA:1375,0
DA:1376,0
DA:1379,0
DA:1384,0
DA:1385,0
DA:1392,0
DA:1393,0
DA:1394,0
DA:1395,0
DA:1399,0
DA:1400,0
DA:1401,0
DA:1402,0
DA:1403,0
DA:1404,0
DA:1405,0
DA:1406,0
DA:1407,0
DA:1415,0
DA:1419,0
DA:1421,0
DA:1422,0
DA:1423,0
DA:1424,0
DA:1426,0
DA:1427,0
DA:1428,0
DA:1432,0
DA:1436,0
DA:1440,0
DA:1444,0
DA:1445,0
DA:1446,0
DA:1447,0
DA:1452,0
DA:1456,0
DA:1458,0
DA:1459,0
DA:1460,0
DA:1464,0
DA:1468,0
DA:1472,0
DA:1473,0
DA:1475,0
DA:1479,0
DA:1480,0
DA:1481,0
DA:1482,0
DA:1486,0
DA:1487,0
DA:1489,0
DA:1497,0
DA:1498,0
DA:1499,0
DA:1503,0
DA:1505,0
DA:1508,0
DA:1509,0
DA:1510,0
DA:1512,0
DA:1513,0
DA:1515,0
DA:1517,0
DA:1525,0
DA:1526,0
DA:1527,0
DA:1528,0
DA:1530,0
DA:1533,0
DA:1535,0
DA:1549,0
DA:1550,0
DA:1551,0
DA:1552,0
DA:1553,0
DA:1554,0
DA:1555,0
DA:1558,0
DA:1562,0
DA:1563,0
DA:1566,0
DA:1567,0
DA:1568,0
DA:1571,0
DA:1575,0
LF:672
LH:0
BRDA:49,0,0,0
BRDA:49,0,1,0
BRDA:63,1,0,0
BRDA:63,1,1,0
BRDA:66,2,0,0
BRDA:66,2,1,0
BRDA:68,3,0,0
BRDA:68,3,1,0
BRDA:87,4,0,0
BRDA:87,4,1,0
BRDA:101,5,0,0
BRDA:101,5,1,0
BRDA:129,6,0,0
BRDA:129,6,1,0
BRDA:139,7,0,0
BRDA:139,7,1,0
BRDA:164,8,0,0
BRDA:164,8,1,0
BRDA:169,9,0,0
BRDA:169,9,1,0
BRDA:174,10,0,0
BRDA:174,10,1,0
BRDA:204,11,0,0
BRDA:204,11,1,0
BRDA:206,12,0,0
BRDA:206,12,1,0
BRDA:208,13,0,0
BRDA:208,13,1,0
BRDA:212,14,0,0
BRDA:212,14,1,0
BRDA:216,15,0,0
BRDA:216,15,1,0
BRDA:230,16,0,0
BRDA:230,16,1,0
BRDA:238,17,0,0
BRDA:238,17,1,0
BRDA:239,18,0,0
BRDA:239,18,1,0
BRDA:241,19,0,0
BRDA:241,19,1,0
BRDA:243,20,0,0
BRDA:243,20,1,0
BRDA:247,21,0,0
BRDA:247,21,1,0
BRDA:249,22,0,0
BRDA:249,22,1,0
BRDA:256,23,0,0
BRDA:256,23,1,0
BRDA:261,24,0,0
BRDA:261,24,1,0
BRDA:276,25,0,0
BRDA:276,25,1,0
BRDA:278,26,0,0
BRDA:278,26,1,0
BRDA:281,27,0,0
BRDA:281,27,1,0
BRDA:286,28,0,0
BRDA:286,28,1,0
BRDA:288,29,0,0
BRDA:288,29,1,0
BRDA:291,30,0,0
BRDA:291,30,1,0
BRDA:300,31,0,0
BRDA:300,31,1,0
BRDA:349,32,0,0
BRDA:349,32,1,0
BRDA:373,33,0,0
BRDA:373,33,1,0
BRDA:378,34,0,0
BRDA:378,34,1,0
BRDA:381,35,0,0
BRDA:381,35,1,0
BRDA:402,36,0,0
BRDA:404,37,0,0
BRDA:404,37,1,0
BRDA:405,38,0,0
BRDA:405,38,1,0
BRDA:405,38,2,0
BRDA:413,39,0,0
BRDA:413,39,1,0
BRDA:420,40,0,0
BRDA:420,40,1,0
BRDA:433,41,0,0
BRDA:433,41,1,0
BRDA:443,42,0,0
BRDA:444,43,0,0
BRDA:444,43,1,0
BRDA:464,44,0,0
BRDA:464,44,1,0
BRDA:466,45,0,0
BRDA:466,45,1,0
BRDA:508,46,0,0
BRDA:508,46,1,0
BRDA:518,47,0,0
BRDA:518,47,1,0
BRDA:519,48,0,0
BRDA:519,48,1,0
BRDA:521,49,0,0
BRDA:521,49,1,0
BRDA:526,50,0,0
BRDA:526,50,1,0
BRDA:548,51,0,0
BRDA:548,51,1,0
BRDA:608,52,0,0
BRDA:608,52,1,0
BRDA:611,53,0,0
BRDA:611,53,1,0
BRDA:614,54,0,0
BRDA:614,54,1,0
BRDA:622,55,0,0
BRDA:622,55,1,0
BRDA:628,56,0,0
BRDA:628,56,1,0
BRDA:661,57,0,0
BRDA:661,57,1,0
BRDA:680,58,0,0
BRDA:680,58,1,0
BRDA:696,59,0,0
BRDA:696,59,1,0
BRDA:696,60,0,0
BRDA:696,60,1,0
BRDA:707,61,0,0
BRDA:707,61,1,0
BRDA:716,62,0,0
BRDA:716,62,1,0
BRDA:724,63,0,0
BRDA:724,63,1,0
BRDA:725,64,0,0
BRDA:725,64,1,0
BRDA:761,65,0,0
BRDA:761,65,1,0
BRDA:767,66,0,0
BRDA:767,66,1,0
BRDA:769,67,0,0
BRDA:769,67,1,0
BRDA:776,68,0,0
BRDA:776,68,1,0
BRDA:777,69,0,0
BRDA:777,69,1,0
BRDA:777,69,2,0
BRDA:781,70,0,0
BRDA:781,70,1,0
BRDA:798,71,0,0
BRDA:798,71,1,0
BRDA:804,72,0,0
BRDA:804,72,1,0
BRDA:813,73,0,0
BRDA:813,73,1,0
BRDA:814,74,0,0
BRDA:814,74,1,0
BRDA:814,74,2,0
BRDA:825,75,0,0
BRDA:825,75,1,0
BRDA:825,75,2,0
BRDA:854,76,0,0
BRDA:854,76,1,0
BRDA:854,77,0,0
BRDA:854,77,1,0
BRDA:857,78,0,0
BRDA:857,78,1,0
BRDA:858,79,0,0
BRDA:858,79,1,0
BRDA:859,80,0,0
BRDA:859,80,1,0
BRDA:860,81,0,0
BRDA:860,81,1,0
BRDA:866,82,0,0
BRDA:866,82,1,0
BRDA:871,83,0,0
BRDA:871,83,1,0
BRDA:874,84,0,0
BRDA:874,84,1,0
BRDA:875,85,0,0
BRDA:875,85,1,0
BRDA:888,86,0,0
BRDA:888,86,1,0
BRDA:923,87,0,0
BRDA:923,87,1,0
BRDA:923,88,0,0
BRDA:923,88,1,0
BRDA:927,89,0,0
BRDA:927,89,1,0
BRDA:944,90,0,0
BRDA:944,90,1,0
BRDA:948,91,0,0
BRDA:948,91,1,0
BRDA:952,92,0,0
BRDA:952,92,1,0
BRDA:956,93,0,0
BRDA:956,93,1,0
BRDA:960,94,0,0
BRDA:960,94,1,0
BRDA:964,95,0,0
BRDA:964,95,1,0
BRDA:970,96,0,0
BRDA:970,96,1,0
BRDA:970,97,0,0
BRDA:970,97,1,0
BRDA:975,98,0,0
BRDA:975,98,1,0
BRDA:977,99,0,0
BRDA:977,99,1,0
BRDA:977,100,0,0
BRDA:977,100,1,0
BRDA:989,101,0,0
BRDA:989,101,1,0
BRDA:989,102,0,0
BRDA:989,102,1,0
BRDA:995,103,0,0
BRDA:995,103,1,0
BRDA:995,104,0,0
BRDA:995,104,1,0
BRDA:1020,105,0,0
BRDA:1020,105,1,0
BRDA:1025,106,0,0
BRDA:1025,106,1,0
BRDA:1031,107,0,0
BRDA:1031,107,1,0
BRDA:1036,108,0,0
BRDA:1036,108,1,0
BRDA:1042,109,0,0
BRDA:1042,109,1,0
BRDA:1048,110,0,0
BRDA:1048,110,1,0
BRDA:1056,111,0,0
BRDA:1056,111,1,0
BRDA:1063,112,0,0
BRDA:1063,112,1,0
BRDA:1065,113,0,0
BRDA:1065,113,1,0
BRDA:1086,114,0,0
BRDA:1086,114,1,0
BRDA:1086,115,0,0
BRDA:1086,115,1,0
BRDA:1091,116,0,0
BRDA:1091,116,1,0
BRDA:1115,117,0,0
BRDA:1115,117,1,0
BRDA:1135,118,0,0
BRDA:1135,118,1,0
BRDA:1136,119,0,0
BRDA:1136,119,1,0
BRDA:1167,120,0,0
BRDA:1167,120,1,0
BRDA:1197,121,0,0
BRDA:1197,121,1,0
BRDA:1225,122,0,0
BRDA:1225,122,1,0
BRDA:1227,123,0,0
BRDA:1227,123,1,0
BRDA:1240,124,0,0
BRDA:1240,124,1,0
BRDA:1240,125,0,0
BRDA:1240,125,1,0
BRDA:1260,126,0,0
BRDA:1260,126,1,0
BRDA:1270,127,0,0
BRDA:1270,127,1,0
BRDA:1282,128,0,0
BRDA:1282,128,1,0
BRDA:1286,129,0,0
BRDA:1286,129,1,0
BRDA:1286,130,0,0
BRDA:1286,130,1,0
BRDA:1307,131,0,0
BRDA:1307,131,1,0
BRDA:1316,132,0,0
BRDA:1316,132,1,0
BRDA:1317,133,0,0
BRDA:1317,133,1,0
BRDA:1318,134,0,0
BRDA:1318,134,1,0
BRDA:1332,135,0,0
BRDA:1332,135,1,0
BRDA:1336,136,0,0
BRDA:1336,136,1,0
BRDA:1357,137,0,0
BRDA:1357,137,1,0
BRDA:1376,138,0,0
BRDA:1376,138,1,0
BRDA:1384,139,0,0
BRDA:1384,139,1,0
BRDA:1384,140,0,0
BRDA:1384,140,1,0
BRDA:1392,141,0,0
BRDA:1392,141,1,0
BRDA:1397,142,0,0
BRDA:1397,142,1,0
BRDA:1406,143,0,0
BRDA:1406,143,1,0
BRDA:1406,144,0,0
BRDA:1406,144,1,0
BRDA:1419,145,0,0
BRDA:1419,145,1,0
BRDA:1422,146,0,0
BRDA:1422,146,1,0
BRDA:1423,147,0,0
BRDA:1423,147,1,0
BRDA:1424,148,0,0
BRDA:1424,148,1,0
BRDA:1446,149,0,0
BRDA:1446,149,1,0
BRDA:1456,150,0,0
BRDA:1456,150,1,0
BRDA:1499,151,0,0
BRDA:1499,151,1,0
BRDA:1508,152,0,0
BRDA:1508,152,1,0
BRDA:1539,153,0,0
BRDA:1539,153,1,0
BRDA:1539,154,0,0
BRDA:1539,154,1,0
BRDA:1545,155,0,0
BRDA:1545,155,1,0
BRDA:1566,156,0,0
BRDA:1566,156,1,0
BRDA:1566,157,0,0
BRDA:1566,157,1,0
BRF:318
BRH:0
end_of_record
TN:
SF:store.js
FN:28,(anonymous_0)
FN:31,(anonymous_1)
FN:36,(anonymous_2)
FN:44,(anonymous_3)
FN:55,(anonymous_4)
FN:98,(anonymous_5)
FN:106,(anonymous_6)
FN:114,(anonymous_7)
FN:119,(anonymous_8)
FN:123,(anonymous_9)
FN:128,(anonymous_10)
FN:132,(anonymous_11)
FN:137,(anonymous_12)
FN:141,(anonymous_13)
FNF:14
FNH:0
FNDA:0,(anonymous_0)
FNDA:0,(anonymous_1)
FNDA:0,(anonymous_2)
FNDA:0,(anonymous_3)
FNDA:0,(anonymous_4)
FNDA:0,(anonymous_5)
FNDA:0,(anonymous_6)
FNDA:0,(anonymous_7)
FNDA:0,(anonymous_8)
FNDA:0,(anonymous_9)
FNDA:0,(anonymous_10)
FNDA:0,(anonymous_11)
FNDA:0,(anonymous_12)
FNDA:0,(anonymous_13)
DA:6,0
DA:17,0
DA:18,0
DA:19,0
DA:20,0
DA:22,0
DA:29,0
DA:30,0
DA:31,0
DA:34,0
DA:36,0
DA:37,0
DA:38,0
DA:39,0
DA:46,0
DA:47,0
DA:48,0
DA:52,0
DA:53,0
DA:55,0
DA:56,0
DA:57,0
DA:59,0
DA:62,0
DA:63,0
DA:64,0
DA:66,0
DA:67,0
DA:68,0
DA:69,0
DA:71,0
DA:72,0
DA:75,0
DA:76,0
DA:77,0
DA:78,0
DA:79,0
DA:86,0
DA:87,0
DA:90,0
DA:93,0
DA:95,0
DA:99,0
DA:100,0
DA:101,0
DA:102,0
DA:103,0
DA:107,0
DA:108,0
DA:109,0
DA:110,0
DA:111,0
DA:115,0
DA:116,0
DA:120,0
DA:124,0
DA:125,0
DA:129,0
DA:133,0
DA:134,0
DA:138,0
DA:142,0
LF:62
LH:0
BRDA:29,0,0,0
BRDA:29,0,1,0
BRDA:38,1,0,0
BRDA:38,1,1,0
BRDA:46,2,0,0
BRDA:46,2,1,0
BRDA:52,3,0,0
BRDA:52,3,1,0
BRDA:75,4,0,0
BRDA:75,4,1,0
BRDA:75,5,0,0
BRDA:75,5,1,0
BRDA:78,6,0,0
BRDA:78,6,1,0
BRDA:86,7,0,0
BRDA:86,7,1,0
BRDA:101,8,0,0
BRDA:101,8,1,0
BRDA:120,9,0,0
BRDA:120,9,1,0
BRF:20
BRH:0
end_of_record
TN:
SF:utils.js
FN:13,debounce
FN:15,(anonymous_1)
FN:17,(anonymous_2)
FN:27,toggleLoader
FN:39,showMessage
FN:58,clearMessage
FN:70,parseDate
FN:118,(anonymous_7)
FN:120,(anonymous_8)
FN:128,calculateRelativeDate
FN:140,getContrastYIQ
FN:154,normalizeString
FN:167,setupTabs
FN:173,(anonymous_13)
FN:174,(anonymous_14)
FN:176,(anonymous_15)
FN:177,(anonymous_16)
FN:194,normalizeTimelineData
FN:207,(anonymous_18)
FN:218,(anonymous_19)
FN:239,(anonymous_20)
FN:243,(anonymous_21)
FN:287,(anonymous_22)
FN:295,(anonymous_23)
FN:312,(anonymous_24)
FN:340,(anonymous_25)
FN:363,(anonymous_26)
FN:386,(anonymous_27)
FN:411,(anonymous_28)
FN:437,filterTimelineEvents
FN:440,(anonymous_30)
FN:445,(anonymous_31)
FN:449,(anonymous_32)
FN:452,(anonymous_33)
FN:459,(anonymous_34)
FNF:35
FNH:0
FNDA:0,debounce
FNDA:0,(anonymous_1)
FNDA:0,(anonymous_2)
FNDA:0,toggleLoader
FNDA:0,showMessage
FNDA:0,clearMessage
FNDA:0,parseDate
FNDA:0,(anonymous_7)
FNDA:0,(anonymous_8)
FNDA:0,calculateRelativeDate
FNDA:0,getContrastYIQ
FNDA:0,normalizeString
FNDA:0,setupTabs
FNDA:0,(anonymous_13)
FNDA:0,(anonymous_14)
FNDA:0,(anonymous_15)
FNDA:0,(anonymous_16)
FNDA:0,normalizeTimelineData
FNDA:0,(anonymous_18)
FNDA:0,(anonymous_19)
FNDA:0,(anonymous_20)
FNDA:0,(anonymous_21)
FNDA:0,(anonymous_22)
FNDA:0,(anonymous_23)
FNDA:0,(anonymous_24)
FNDA:0,(anonymous_25)
FNDA:0,(anonymous_26)
FNDA:0,(anonymous_27)
FNDA:0,(anonymous_28)
FNDA:0,filterTimelineEvents
FNDA:0,(anonymous_30)
FNDA:0,(anonymous_31)
FNDA:0,(anonymous_32)
FNDA:0,(anonymous_33)
FNDA:0,(anonymous_34)
DA:15,0
DA:16,0
DA:17,0
DA:18,0
DA:28,0
DA:29,0
DA:30,0
DA:40,0
DA:41,0
DA:42,0
DA:43,0
DA:48,0
DA:51,0
DA:59,0
DA:60,0
DA:61,0
DA:71,0
DA:74,0
DA:77,0
DA:79,0
DA:83,0
DA:84,0
DA:85,0
DA:87,0
DA:91,0
DA:94,0
DA:95,0
DA:98,0
DA:101,0
DA:106,0
DA:109,0
DA:118,0
DA:119,0
DA:120,0
DA:129,0
DA:131,0
DA:132,0
DA:141,0
DA:142,0
DA:143,0
DA:144,0
DA:145,0
DA:146,0
DA:155,0
DA:156,0
DA:168,0
DA:170,0
DA:171,0
DA:173,0
DA:174,0
DA:175,0
DA:176,0
DA:177,0
DA:178,0
DA:179,0
DA:180,0
DA:181,0
DA:199,0
DA:202,0
DA:203,0
DA:204,0
DA:207,0
DA:208,0
DA:209,0
DA:210,0
DA:213,0
DA:215,0
DA:216,0
DA:218,0
DA:222,0
DA:223,0
DA:224,0
DA:225,0
DA:227,0
DA:228,0
DA:229,0
DA:230,0
DA:233,0
DA:239,0
DA:240,0
DA:242,0
DA:243,0
DA:244,0
DA:246,0
DA:247,0
DA:248,0
DA:249,0
DA:250,0
DA:251,0
DA:254,0
DA:255,0
DA:260,0
DA:263,0
DA:267,0
DA:268,0
DA:274,0
DA:275,0
DA:277,0
DA:278,0
DA:283,0
DA:287,0
DA:288,0
DA:290,0
DA:295,0
DA:299,0
DA:312,0
DA:313,0
DA:315,0
DA:316,0
DA:318,0
DA:322,0
DA:340,0
DA:341,0
DA:343,0
DA:347,0
DA:363,0
DA:364,0
DA:366,0
DA:370,0
DA:386,0
DA:387,0
DA:389,0
DA:391,0
DA:404,0
DA:405,0
DA:406,0
DA:407,0
DA:408,0
DA:411,0
DA:414,0
DA:417,0
DA:419,0
DA:423,0
DA:424,0
DA:428,0
DA:438,0
DA:440,0
DA:441,0
DA:442,0
DA:445,0
DA:447,0
DA:448,0
DA:449,0
DA:452,0
DA:453,0
DA:454,0
DA:456,0
DA:458,0
DA:460,0
DA:463,0
DA:464,0
DA:477,0
DA:478,0
DA:494,0
DA:495,0
DA:496,0
DA:499,0
DA:500,0
DA:520,0
DA:523,0
DA:528,0
LF:161
LH:0
BRDA:13,0,0,0
BRDA:29,1,0,0
BRDA:29,1,1,0
BRDA:30,2,0,0
BRDA:30,2,1,0
BRDA:39,3,0,0
BRDA:41,4,0,0
BRDA:41,4,1,0
BRDA:49,5,0,0
BRDA:49,5,1,0
BRDA:60,6,0,0
BRDA:60,6,1,0
BRDA:71,7,0,0
BRDA:71,7,1,0
BRDA:71,8,0,0
BRDA:71,8,1,0
BRDA:77,9,0,0
BRDA:77,9,1,0
BRDA:83,10,0,0
BRDA:83,10,1,0
BRDA:85,11,0,0
BRDA:85,11,1,0
BRDA:91,12,0,0
BRDA:91,12,1,0
BRDA:91,13,0,0
BRDA:91,13,1,0
BRDA:91,13,2,0
BRDA:94,14,0,0
BRDA:94,14,1,0
BRDA:94,15,0,0
BRDA:94,15,1,0
BRDA:101,16,0,0
BRDA:101,16,1,0
BRDA:102,17,0,0
BRDA:102,17,1,0
BRDA:102,17,2,0
BRDA:119,18,0,0
BRDA:119,18,1,0
BRDA:120,19,0,0
BRDA:120,19,1,0
BRDA:146,20,0,0
BRDA:146,20,1,0
BRDA:155,21,0,0
BRDA:155,21,1,0
BRDA:168,22,0,0
BRDA:168,22,1,0
BRDA:180,23,0,0
BRDA:180,23,1,0
BRDA:194,24,0,0
BRDA:196,25,0,0
BRDA:196,26,0,0
BRDA:196,26,1,0
BRDA:197,27,0,0
BRDA:197,28,0,0
BRDA:197,28,1,0
BRDA:198,29,0,0
BRDA:208,30,0,0
BRDA:208,30,1,0
BRDA:208,31,0,0
BRDA:208,31,1,0
BRDA:208,31,2,0
BRDA:213,32,0,0
BRDA:213,32,1,0
BRDA:216,33,0,0
BRDA:216,33,1,0
BRDA:223,34,0,0
BRDA:223,34,1,0
BRDA:228,35,0,0
BRDA:228,35,1,0
BRDA:240,36,0,0
BRDA:240,36,1,0
BRDA:240,37,0,0
BRDA:240,37,1,0
BRDA:244,38,0,0
BRDA:244,38,1,0
BRDA:249,39,0,0
BRDA:249,39,1,0
BRDA:263,40,0,0
BRDA:263,40,1,0
BRDA:263,41,0,0
BRDA:263,41,1,0
BRDA:267,42,0,0
BRDA:267,42,1,0
BRDA:267,43,0,0
BRDA:267,43,1,0
BRDA:277,44,0,0
BRDA:277,44,1,0
BRDA:288,45,0,0
BRDA:288,45,1,0
BRDA:295,46,0,0
BRDA:295,46,1,0
BRDA:295,47,0,0
BRDA:295,47,1,0
BRDA:302,48,0,0
BRDA:302,48,1,0
BRDA:303,49,0,0
BRDA:303,49,1,0
BRDA:304,50,0,0
BRDA:304,50,1,0
BRDA:306,51,0,0
BRDA:306,51,1,0
BRDA:313,52,0,0
BRDA:313,52,1,0
BRDA:316,53,0,0
BRDA:316,53,1,0
BRDA:326,54,0,0
BRDA:326,54,1,0
BRDA:327,55,0,0
BRDA:327,55,1,0
BRDA:332,56,0,0
BRDA:332,56,1,0
BRDA:341,57,0,0
BRDA:341,57,1,0
BRDA:351,58,0,0
BRDA:351,58,1,0
BRDA:351,58,2,0
BRDA:352,59,0,0
BRDA:352,59,1,0
BRDA:355,60,0,0
BRDA:355,60,1,0
BRDA:356,61,0,0
BRDA:356,61,1,0
BRDA:364,62,0,0
BRDA:364,62,1,0
BRDA:374,63,0,0
BRDA:374,63,1,0
BRDA:375,64,0,0
BRDA:375,64,1,0
BRDA:378,65,0,0
BRDA:378,65,1,0
BRDA:379,66,0,0
BRDA:379,66,1,0
BRDA:387,67,0,0
BRDA:387,67,1,0
BRDA:389,68,0,0
BRDA:389,68,1,0
BRDA:395,69,0,0
BRDA:395,69,1,0
BRDA:396,70,0,0
BRDA:396,70,1,0
BRDA:417,71,0,0
BRDA:417,71,1,0
BRDA:423,72,0,0
BRDA:423,72,1,0
BRDA:423,73,0,0
BRDA:423,73,1,0
BRDA:438,74,0,0
BRDA:438,74,1,0
BRDA:441,75,0,0
BRDA:441,75,1,0
BRDA:447,76,0,0
BRDA:447,76,1,0
BRDA:448,77,0,0
BRDA:448,77,1,0
BRDA:454,78,0,0
BRDA:454,78,1,0
BRDA:454,78,2,0
BRDA:454,78,3,0
BRDA:454,78,4,0
BRDA:456,79,0,0
BRDA:456,79,1,0
BRDA:458,80,0,0
BRDA:458,80,1,0
BRDA:460,81,0,0
BRDA:460,81,1,0
BRDA:463,82,0,0
BRDA:463,82,1,0
BRDA:465,83,0,0
BRDA:465,83,1,0
BRDA:465,83,2,0
BRDA:477,84,0,0
BRDA:477,84,1,0
BRDA:479,85,0,0
BRDA:479,85,1,0
BRDA:479,85,2,0
BRDA:494,86,0,0
BRDA:494,86,1,0
BRDA:499,87,0,0
BRDA:499,87,1,0
BRDA:501,88,0,0
BRDA:501,88,1,0
BRDA:501,88,2,0
BRDA:501,88,3,0
BRDA:501,88,4,0
BRDA:501,88,5,0
BRDA:501,88,6,0
BRDA:501,88,7,0
BRF:187
BRH:0
end_of_record
TN:
SF:validation.js
FN:29,validateCPF
FN:87,cleanCNSCache
FN:98,(anonymous_2)
FN:100,(anonymous_3)
FN:109,validateDefinitiveCNS
FN:163,validateProvisionalCNS
FN:247,validateCNS
FN:302,validateSearchTerm
FN:338,validateName
FN:361,validateBrazilianDate
FN:401,sanitizeSearchTerm
FN:417,sanitizeInput
FN:432,isSQLSafe
FN:444,applyRealtimeValidation
FN:447,(anonymous_14)
FN:465,(anonymous_15)
FN:474,(anonymous_16)
FN:484,createValidationError
FN:495,clearValidationErrors
FN:498,(anonymous_19)
FN:502,validateForm
FNF:21
FNH:0
FNDA:0,validateCPF
FNDA:0,cleanCNSCache
FNDA:0,(anonymous_2)
FNDA:0,(anonymous_3)
FNDA:0,validateDefinitiveCNS
FNDA:0,validateProvisionalCNS
FNDA:0,validateCNS
FNDA:0,validateSearchTerm
FNDA:0,validateName
FNDA:0,validateBrazilianDate
FNDA:0,sanitizeSearchTerm
FNDA:0,sanitizeInput
FNDA:0,isSQLSafe
FNDA:0,applyRealtimeValidation
FNDA:0,(anonymous_14)
FNDA:0,(anonymous_15)
FNDA:0,(anonymous_16)
FNDA:0,createValidationError
FNDA:0,clearValidationErrors
FNDA:0,(anonymous_19)
FNDA:0,validateForm
DA:9,0
DA:21,0
DA:22,0
DA:30,0
DA:31,0
DA:35,0
DA:38,0
DA:39,0
DA:42,0
DA:43,0
DA:47,0
DA:48,0
DA:52,0
DA:53,0
DA:54,0
DA:56,0
DA:58,0
DA:59,0
DA:63,0
DA:64,0
DA:65,0
DA:67,0
DA:69,0
DA:70,0
DA:73,0
DA:80,0
DA:81,0
DA:82,0
DA:88,0
DA:89,0
DA:90,0
DA:91,0
DA:96,0
DA:97,0
DA:98,0
DA:99,0
DA:100,0
DA:111,0
DA:112,0
DA:115,0
DA:116,0
DA:117,0
DA:120,0
DA:121,0
DA:123,0
DA:124,0
DA:127,0
DA:129,0
DA:130,0
DA:131,0
DA:132,0
DA:135,0
DA:136,0
DA:137,0
DA:141,0
DA:142,0
DA:144,0
DA:145,0
DA:149,0
DA:150,0
DA:151,0
DA:155,0
DA:164,0
DA:167,0
DA:168,0
DA:172,0
DA:176,0
DA:177,0
DA:178,0
DA:182,0
DA:183,0
DA:185,0
DA:189,0
DA:190,0
DA:191,0
DA:195,0
DA:196,0
DA:198,0
DA:202,0
DA:203,0
DA:204,0
DA:208,0
DA:209,0
DA:213,0
DA:214,0
DA:215,0
DA:218,0
DA:219,0
DA:220,0
DA:222,0
DA:223,0
DA:225,0
DA:229,0
DA:234,0
DA:235,0
DA:238,0
DA:248,0
DA:249,0
DA:252,0
DA:255,0
DA:256,0
DA:260,0
DA:261,0
DA:262,0
DA:263,0
DA:266,0
DA:270,0
DA:271,0
DA:272,0
DA:273,0
DA:277,0
DA:278,0
DA:279,0
DA:280,0
DA:285,0
DA:289,0
DA:294,0
DA:303,0
DA:304,0
DA:307,0
DA:309,0
DA:310,0
DA:313,0
DA:314,0
DA:318,0
DA:319,0
DA:323,0
DA:324,0
DA:327,0
DA:339,0
DA:340,0
DA:343,0
DA:345,0
DA:346,0
DA:349,0
DA:350,0
DA:353,0
DA:362,0
DA:363,0
DA:366,0
DA:367,0
DA:370,0
DA:371,0
DA:374,0
DA:375,0
DA:378,0
DA:379,0
DA:383,0
DA:384,0
DA:388,0
DA:389,0
DA:390,0
DA:393,0
DA:402,0
DA:404,0
DA:418,0
DA:420,0
DA:433,0
DA:434,0
DA:445,0
DA:447,0
DA:448,0
DA:450,0
DA:451,0
DA:452,0
DA:453,0
DA:454,0
DA:456,0
DA:457,0
DA:458,0
DA:459,0
DA:465,0
DA:466,0
DA:467,0
DA:471,0
DA:474,0
DA:475,0
DA:485,0
DA:486,0
DA:487,0
DA:488,0
DA:496,0
DA:497,0
DA:498,0
DA:503,0
DA:504,0
DA:506,0
DA:507,0
DA:508,0
DA:511,0
DA:513,0
DA:514,0
DA:516,0
DA:517,0
DA:519,0
DA:520,0
DA:522,0
DA:523,0
DA:525,0
DA:526,0
DA:528,0
DA:531,0
DA:532,0
DA:533,0
DA:537,0
LF:205
LH:0
BRDA:30,0,0,0
BRDA:30,0,1,0
BRDA:30,1,0,0
BRDA:30,1,1,0
BRDA:38,2,0,0
BRDA:38,2,1,0
BRDA:42,3,0,0
BRDA:42,3,1,0
BRDA:47,4,0,0
BRDA:47,4,1,0
BRDA:58,5,0,0
BRDA:58,5,1,0
BRDA:69,6,0,0
BRDA:69,6,1,0
BRDA:90,7,0,0
BRDA:90,7,1,0
BRDA:96,8,0,0
BRDA:96,8,1,0
BRDA:111,9,0,0
BRDA:111,9,1,0
BRDA:123,10,0,0
BRDA:123,10,1,0
BRDA:127,11,0,0
BRDA:127,11,1,0
BRDA:132,12,0,0
BRDA:132,12,1,0
BRDA:136,13,0,0
BRDA:136,13,1,0
BRDA:144,14,0,0
BRDA:144,14,1,0
BRDA:150,15,0,0
BRDA:150,15,1,0
BRDA:167,16,0,0
BRDA:167,16,1,0
BRDA:172,17,0,0
BRDA:172,17,1,0
BRDA:172,17,2,0
BRDA:177,18,0,0
BRDA:177,18,1,0
BRDA:182,19,0,0
BRDA:182,19,1,0
BRDA:182,20,0,0
BRDA:182,20,1,0
BRDA:190,21,0,0
BRDA:190,21,1,0
BRDA:195,22,0,0
BRDA:195,22,1,0
BRDA:195,23,0,0
BRDA:195,23,1,0
BRDA:203,24,0,0
BRDA:203,24,1,0
BRDA:208,25,0,0
BRDA:208,25,1,0
BRDA:208,26,0,0
BRDA:208,26,1,0
BRDA:219,27,0,0
BRDA:219,27,1,0
BRDA:222,28,0,0
BRDA:222,28,1,0
BRDA:229,29,0,0
BRDA:229,29,1,0
BRDA:229,29,2,0
BRDA:229,29,3,0
BRDA:234,30,0,0
BRDA:234,30,1,0
BRDA:248,31,0,0
BRDA:248,31,1,0
BRDA:248,32,0,0
BRDA:248,32,1,0
BRDA:255,33,0,0
BRDA:255,33,1,0
BRDA:262,34,0,0
BRDA:262,34,1,0
BRDA:262,35,0,0
BRDA:262,35,1,0
BRDA:270,36,0,0
BRDA:270,36,1,0
BRDA:270,37,0,0
BRDA:270,37,1,0
BRDA:272,38,0,0
BRDA:272,38,1,0
BRDA:277,39,0,0
BRDA:277,39,1,0
BRDA:279,40,0,0
BRDA:279,40,1,0
BRDA:303,41,0,0
BRDA:303,41,1,0
BRDA:303,42,0,0
BRDA:303,42,1,0
BRDA:309,43,0,0
BRDA:309,43,1,0
BRDA:313,44,0,0
BRDA:313,44,1,0
BRDA:318,45,0,0
BRDA:318,45,1,0
BRDA:323,46,0,0
BRDA:323,46,1,0
BRDA:339,47,0,0
BRDA:339,47,1,0
BRDA:339,48,0,0
BRDA:339,48,1,0
BRDA:345,49,0,0
BRDA:345,49,1,0
BRDA:349,50,0,0
BRDA:349,50,1,0
BRDA:362,51,0,0
BRDA:362,51,1,0
BRDA:362,52,0,0
BRDA:362,52,1,0
BRDA:366,53,0,0
BRDA:366,53,1,0
BRDA:374,54,0,0
BRDA:374,54,1,0
BRDA:374,55,0,0
BRDA:374,55,1,0
BRDA:378,56,0,0
BRDA:378,56,1,0
BRDA:378,57,0,0
BRDA:378,57,1,0
BRDA:383,58,0,0
BRDA:383,58,1,0
BRDA:383,59,0,0
BRDA:383,59,1,0
BRDA:383,59,2,0
BRDA:389,60,0,0
BRDA:389,60,1,0
BRDA:389,61,0,0
BRDA:389,61,1,0
BRDA:402,62,0,0
BRDA:402,62,1,0
BRDA:402,63,0,0
BRDA:402,63,1,0
BRDA:418,64,0,0
BRDA:418,64,1,0
BRDA:418,65,0,0
BRDA:418,65,1,0
BRDA:433,66,0,0
BRDA:433,66,1,0
BRDA:433,67,0,0
BRDA:433,67,1,0
BRDA:445,68,0,0
BRDA:445,68,1,0
BRDA:450,69,0,0
BRDA:450,69,1,0
BRDA:454,70,0,0
BRDA:454,70,1,0
BRDA:458,71,0,0
BRDA:458,71,1,0
BRDA:459,72,0,0
BRDA:459,72,1,0
BRDA:496,73,0,0
BRDA:496,73,1,0
BRDA:508,74,0,0
BRDA:508,74,1,0
BRDA:511,75,0,0
BRDA:511,75,1,0
BRDA:511,75,2,0
BRDA:511,75,3,0
BRDA:511,75,4,0
BRDA:511,75,5,0
BRDA:531,76,0,0
BRDA:531,76,1,0
BRF:162
BRH:0
end_of_record
